====================================================================================================
MPTCP ч╜Сч╗ЬчК╢цАБхПпшзЖхМЦцЧех┐Ч - х╝АхзЛцЧ╢щЧ┤: 2025-08-05 13:07:33.387764
====================================================================================================

хЫ╛ф╛Лшп┤цШО:
  [D] = цХ░цНохМЕ  [A] = ACKхМЕ  [X] = ф╕вхМЕ
  тЦУ = щШЯхИЧхНачФи  тЦС = щШЯхИЧчй║щЧ▓
  тЖТ = цХ░цНоц╡БхРС  тЖР = ACKш┐ФхЫЮ
====================================================================================================


хИЭхзЛч╜Сч╗ЬцЛУцЙС:
====================================================================================================

ш╖пх╛Д1 (3Gч╜Сч╗Ь):
  MPTCPц║Р тЖТ TCPхнРц╡Б1 тЖТ PQueue3(2MB) тЖТ Queue1(441KB) тЖТ Pipe1(75ms) тЖТ TCPцОецФ╢1 тЖТ MPTCPц▒ЗшБЪ
  чЙ╣цАз: 166 pkt/s, RTT=150ms, цЕвф╜Жчи│хоЪ

ш╖пх╛Д2 (WiFiч╜Сч╗Ь):
  MPTCPц║Р тЖТ TCPхнРц╡Б2 тЖТ PQueue4(2MB) тЖТ Queue2(28KB) тЖТ Pipe2(5ms) тЖТ TCPцОецФ╢2 тЖТ MPTCPц▒ЗшБЪ
  чЙ╣цАз: 400 pkt/s, RTT=10ms, х┐лф╜Жч╝УхЖ▓хМ║х░П

чоЧц│Х: UNCOUPLED
цОецФ╢чкЧхПг: None хМЕ
====================================================================================================

[   0.018s] ЁЯУд хПСщАБ: хнРц╡Б1 х║ПхП╖=1 хдзх░П=1500B чЫоцаЗ=цОецФ╢члп
[   0.031s] ЁЯУд хПСщАБ: хнРц╡Б2 х║ПхП╖=1 хдзх░П=1500B чЫоцаЗ=цОецФ╢члп
[   0.031s] тЬЕ ACK: хнРц╡Б2 чбошодхП╖=1 чкЧхПгцЫ┤цЦ░=0B
[   0.041s] ЁЯУд хПСщАБ: хнРц╡Б2 х║ПхП╖=15001 хдзх░П=1500B чЫоцаЗ=цОецФ╢члп
[   0.041s] тЬЕ ACK: хнРц╡Б2 чбошодхП╖=1501 чкЧхПгцЫ┤цЦ░=0B
[   0.041s] тЬЕ ACK: хнРц╡Б2 чбошодхП╖=3001 чкЧхПгцЫ┤цЦ░=0B
[   0.041s] тЬЕ ACK: хнРц╡Б2 чбошодхП╖=4501 чкЧхПгцЫ┤цЦ░=0B
[   0.055s] ЁЯУд хПСщАБ: хнРц╡Б2 х║ПхП╖=16501 хдзх░П=1500B чЫоцаЗ=цОецФ╢члп
[   0.041s] тЬЕ ACK: хнРц╡Б2 чбошодхП╖=6001 чкЧхПгцЫ┤цЦ░=0B
[   0.057s] ЁЯУд хПСщАБ: хнРц╡Б2 х║ПхП╖=18001 хдзх░П=1500B чЫоцаЗ=цОецФ╢члп
[   0.041s] тЬЕ ACK: хнРц╡Б2 чбошодхП╖=7501 чкЧхПгцЫ┤цЦ░=0B
[   0.060s] ЁЯУд хПСщАБ: хнРц╡Б2 х║ПхП╖=19501 хдзх░П=1500B чЫоцаЗ=цОецФ╢члп
[   0.041s] тЬЕ ACK: хнРц╡Б2 чбошодхП╖=9001 чкЧхПгцЫ┤цЦ░=0B
[   0.062s] ЁЯУд хПСщАБ: хнРц╡Б2 х║ПхП╖=21001 хдзх░П=1500B чЫоцаЗ=цОецФ╢члп
[   0.041s] тЬЕ ACK: хнРц╡Б2 чбошодхП╖=10501 чкЧхПгцЫ┤цЦ░=0B
[   0.065s] ЁЯУд хПСщАБ: хнРц╡Б2 х║ПхП╖=22501 хдзх░П=1500B чЫоцаЗ=цОецФ╢члп
[   0.041s] тЬЕ ACK: хнРц╡Б2 чбошодхП╖=12001 чкЧхПгцЫ┤цЦ░=0B
[   0.067s] ЁЯУд хПСщАБ: хнРц╡Б2 х║ПхП╖=24001 хдзх░П=1500B чЫоцаЗ=цОецФ╢члп
[   0.041s] тЬЕ ACK: хнРц╡Б2 чбошодхП╖=13501 чкЧхПгцЫ┤цЦ░=0B
[   0.070s] ЁЯУд хПСщАБ: хнРц╡Б2 х║ПхП╖=25501 хдзх░П=1500B чЫоцаЗ=цОецФ╢члп
[   0.041s] тЬЕ ACK: хнРц╡Б2 чбошодхП╖=15001 чкЧхПгцЫ┤цЦ░=0B
[   0.072s] ЁЯУд хПСщАБ: хнРц╡Б2 х║ПхП╖=27001 хдзх░П=1500B чЫоцаЗ=цОецФ╢члп
[   0.055s] тЬЕ ACK: хнРц╡Б2 чбошодхП╖=16501 чкЧхПгцЫ┤цЦ░=0B
[   0.075s] ЁЯУд хПСщАБ: хнРц╡Б2 х║ПхП╖=28501 хдзх░П=1500B чЫоцаЗ=цОецФ╢члп
[   0.057s] тЬЕ ACK: хнРц╡Б2 чбошодхП╖=18001 чкЧхПгцЫ┤цЦ░=0B
[   0.077s] ЁЯУд хПСщАБ: хнРц╡Б2 х║ПхП╖=30001 хдзх░П=1500B чЫоцаЗ=цОецФ╢члп
[   0.060s] тЬЕ ACK: хнРц╡Б2 чбошодхП╖=19501 чкЧхПгцЫ┤цЦ░=0B
[   0.080s] ЁЯУд хПСщАБ: хнРц╡Б2 х║ПхП╖=31501 хдзх░П=1500B чЫоцаЗ=цОецФ╢члп
[   0.062s] тЬЕ ACK: хнРц╡Б2 чбошодхП╖=21001 чкЧхПгцЫ┤цЦ░=0B
[   0.082s] ЁЯУд хПСщАБ: хнРц╡Б2 х║ПхП╖=33001 хдзх░П=1500B чЫоцаЗ=цОецФ╢члп
[   0.065s] тЬЕ ACK: хнРц╡Б2 чбошодхП╖=22501 чкЧхПгцЫ┤цЦ░=0B
[   0.085s] ЁЯУд хПСщАБ: хнРц╡Б2 х║ПхП╖=34501 хдзх░П=1500B чЫоцаЗ=цОецФ╢члп
[   0.067s] тЬЕ ACK: хнРц╡Б2 чбошодхП╖=24001 чкЧхПгцЫ┤цЦ░=0B
[   0.087s] ЁЯУд хПСщАБ: хнРц╡Б2 х║ПхП╖=36001 хдзх░П=1500B чЫоцаЗ=цОецФ╢члп
[   0.070s] тЬЕ ACK: хнРц╡Б2 чбошодхП╖=25501 чкЧхПгцЫ┤цЦ░=0B
[   0.090s] ЁЯУд хПСщАБ: хнРц╡Б2 х║ПхП╖=37501 хдзх░П=1500B чЫоцаЗ=цОецФ╢члп
[   0.072s] тЬЕ ACK: хнРц╡Б2 чбошодхП╖=27001 чкЧхПгцЫ┤цЦ░=0B
[   0.092s] ЁЯУд хПСщАБ: хнРц╡Б2 х║ПхП╖=39001 хдзх░П=1500B чЫоцаЗ=цОецФ╢члп
[   0.018s] тЬЕ ACK: хнРц╡Б1 чбошодхП╖=1 чкЧхПгцЫ┤цЦ░=0B
[   0.075s] тЬЕ ACK: хнРц╡Б2 чбошодхП╖=28501 чкЧхПгцЫ┤цЦ░=0B
[   0.095s] ЁЯУд хПСщАБ: хнРц╡Б2 х║ПхП╖=40501 хдзх░П=1500B чЫоцаЗ=цОецФ╢члп
[   0.077s] тЬЕ ACK: хнРц╡Б2 чбошодхП╖=30001 чкЧхПгцЫ┤цЦ░=0B
[   0.097s] ЁЯУд хПСщАБ: хнРц╡Б2 х║ПхП╖=42001 хдзх░П=1500B чЫоцаЗ=цОецФ╢члп
[   0.080s] тЬЕ ACK: хнРц╡Б2 чбошодхП╖=31501 чкЧхПгцЫ┤цЦ░=0B
[   0.100s] ЁЯУд хПСщАБ: хнРц╡Б2 х║ПхП╖=43501 хдзх░П=1500B чЫоцаЗ=цОецФ╢члп
[   0.082s] тЬЕ ACK: хнРц╡Б2 чбошодхП╖=33001 чкЧхПгцЫ┤цЦ░=0B
[   0.102s] ЁЯУд хПСщАБ: хнРц╡Б2 х║ПхП╖=45001 хдзх░П=1500B чЫоцаЗ=цОецФ╢члп
[   0.085s] тЬЕ ACK: хнРц╡Б2 чбошодхП╖=34501 чкЧхПгцЫ┤цЦ░=0B
[   0.105s] ЁЯУд хПСщАБ: хнРц╡Б2 х║ПхП╖=46501 хдзх░П=1500B чЫоцаЗ=цОецФ╢члп
[   0.087s] тЬЕ ACK: хнРц╡Б2 чбошодхП╖=36001 чкЧхПгцЫ┤цЦ░=0B
[   0.107s] ЁЯУд хПСщАБ: хнРц╡Б2 х║ПхП╖=48001 хдзх░П=1500B чЫоцаЗ=цОецФ╢члп
[   0.090s] тЬЕ ACK: хнРц╡Б2 чбошодхП╖=37501 чкЧхПгцЫ┤цЦ░=0B
[   0.110s] ЁЯУд хПСщАБ: хнРц╡Б2 х║ПхП╖=49501 хдзх░П=1500B чЫоцаЗ=цОецФ╢члп
[   0.092s] тЬЕ ACK: хнРц╡Б2 чбошодхП╖=39001 чкЧхПгцЫ┤цЦ░=0B
[   0.112s] ЁЯУд хПСщАБ: хнРц╡Б2 х║ПхП╖=51001 хдзх░П=1500B чЫоцаЗ=цОецФ╢члп
[   0.095s] тЬЕ ACK: хнРц╡Б2 чбошодхП╖=40501 чкЧхПгцЫ┤цЦ░=0B
[   0.115s] ЁЯУд хПСщАБ: хнРц╡Б2 х║ПхП╖=52501 хдзх░П=1500B чЫоцаЗ=цОецФ╢члп
[   0.097s] тЬЕ ACK: хнРц╡Б2 чбошодхП╖=42001 чкЧхПгцЫ┤цЦ░=0B
[   0.117s] ЁЯУд хПСщАБ: хнРц╡Б2 х║ПхП╖=54001 хдзх░П=1500B чЫоцаЗ=цОецФ╢члп
[   0.100s] тЬЕ ACK: хнРц╡Б2 чбошодхП╖=43501 чкЧхПгцЫ┤цЦ░=0B
[   0.120s] ЁЯУд хПСщАБ: хнРц╡Б2 х║ПхП╖=55501 хдзх░П=1500B чЫоцаЗ=цОецФ╢члп
[   0.102s] тЬЕ ACK: хнРц╡Б2 чбошодхП╖=45001 чкЧхПгцЫ┤цЦ░=0B
[   0.122s] ЁЯУд хПСщАБ: хнРц╡Б2 х║ПхП╖=57001 хдзх░П=1500B чЫоцаЗ=цОецФ╢члп
[   0.105s] тЬЕ ACK: хнРц╡Б2 чбошодхП╖=46501 чкЧхПгцЫ┤цЦ░=0B
[   0.125s] ЁЯУд хПСщАБ: хнРц╡Б2 х║ПхП╖=58501 хдзх░П=1500B чЫоцаЗ=цОецФ╢члп
[   0.107s] тЬЕ ACK: хнРц╡Б2 чбошодхП╖=48001 чкЧхПгцЫ┤цЦ░=0B
[   0.127s] ЁЯУд хПСщАБ: хнРц╡Б2 х║ПхП╖=60001 хдзх░П=1500B чЫоцаЗ=цОецФ╢члп
[   0.110s] тЬЕ ACK: хнРц╡Б2 чбошодхП╖=49501 чкЧхПгцЫ┤цЦ░=0B
[   0.130s] ЁЯУд хПСщАБ: хнРц╡Б2 х║ПхП╖=61501 хдзх░П=1500B чЫоцаЗ=цОецФ╢члп
[   0.112s] тЬЕ ACK: хнРц╡Б2 чбошодхП╖=51001 чкЧхПгцЫ┤цЦ░=0B
[   0.132s] ЁЯУд хПСщАБ: хнРц╡Б2 х║ПхП╖=63001 хдзх░П=1500B чЫоцаЗ=цОецФ╢члп
[   0.115s] тЬЕ ACK: хнРц╡Б2 чбошодхП╖=52501 чкЧхПгцЫ┤цЦ░=0B
[   0.135s] ЁЯУд хПСщАБ: хнРц╡Б2 х║ПхП╖=64501 хдзх░П=1500B чЫоцаЗ=цОецФ╢члп
[   0.117s] тЬЕ ACK: хнРц╡Б2 чбошодхП╖=54001 чкЧхПгцЫ┤цЦ░=0B
[   0.137s] ЁЯУд хПСщАБ: хнРц╡Б2 х║ПхП╖=66001 хдзх░П=1500B чЫоцаЗ=цОецФ╢члп
[   0.120s] тЬЕ ACK: хнРц╡Б2 чбошодхП╖=55501 чкЧхПгцЫ┤цЦ░=0B
[   0.140s] ЁЯУд хПСщАБ: хнРц╡Б2 х║ПхП╖=67501 хдзх░П=1500B чЫоцаЗ=цОецФ╢члп
[   0.122s] тЬЕ ACK: хнРц╡Б2 чбошодхП╖=57001 чкЧхПгцЫ┤цЦ░=0B
[   0.142s] ЁЯУд хПСщАБ: хнРц╡Б2 х║ПхП╖=69001 хдзх░П=1500B чЫоцаЗ=цОецФ╢члп
[   0.125s] тЬЕ ACK: хнРц╡Б2 чбошодхП╖=58501 чкЧхПгцЫ┤цЦ░=0B
[   0.145s] ЁЯУд хПСщАБ: хнРц╡Б2 х║ПхП╖=70501 хдзх░П=1500B чЫоцаЗ=цОецФ╢члп
[   0.127s] тЬЕ ACK: хнРц╡Б2 чбошодхП╖=60001 чкЧхПгцЫ┤цЦ░=0B
[   0.147s] ЁЯУд хПСщАБ: хнРц╡Б2 х║ПхП╖=72001 хдзх░П=1500B чЫоцаЗ=цОецФ╢члп
[   0.130s] тЬЕ ACK: хнРц╡Б2 чбошодхП╖=61501 чкЧхПгцЫ┤цЦ░=0B
[   0.150s] ЁЯУд хПСщАБ: хнРц╡Б2 х║ПхП╖=73501 хдзх░П=1500B чЫоцаЗ=цОецФ╢члп
[   0.132s] тЬЕ ACK: хнРц╡Б2 чбошодхП╖=63001 чкЧхПгцЫ┤цЦ░=0B
[   0.152s] ЁЯУд хПСщАБ: хнРц╡Б2 х║ПхП╖=75001 хдзх░П=1500B чЫоцаЗ=цОецФ╢члп
[   0.135s] тЬЕ ACK: хнРц╡Б2 чбошодхП╖=64501 чкЧхПгцЫ┤цЦ░=0B
[   0.155s] ЁЯУд хПСщАБ: хнРц╡Б2 х║ПхП╖=76501 хдзх░П=1500B чЫоцаЗ=цОецФ╢члп
[   0.137s] тЬЕ ACK: хнРц╡Б2 чбошодхП╖=66001 чкЧхПгцЫ┤цЦ░=0B
[   0.157s] ЁЯУд хПСщАБ: хнРц╡Б2 х║ПхП╖=78001 хдзх░П=1500B чЫоцаЗ=цОецФ╢члп
[   0.140s] тЬЕ ACK: хнРц╡Б2 чбошодхП╖=67501 чкЧхПгцЫ┤цЦ░=0B
[   0.160s] ЁЯУд хПСщАБ: хнРц╡Б2 х║ПхП╖=79501 хдзх░П=1500B чЫоцаЗ=цОецФ╢члп
[   0.142s] тЬЕ ACK: хнРц╡Б2 чбошодхП╖=69001 чкЧхПгцЫ┤цЦ░=0B
[   0.162s] ЁЯУд хПСщАБ: хнРц╡Б2 х║ПхП╖=81001 хдзх░П=1500B чЫоцаЗ=цОецФ╢члп
[   0.145s] тЬЕ ACK: хнРц╡Б2 чбошодхП╖=70501 чкЧхПгцЫ┤цЦ░=0B
[   0.165s] ЁЯУд хПСщАБ: хнРц╡Б2 х║ПхП╖=82501 хдзх░П=1500B чЫоцаЗ=цОецФ╢члп
[   0.147s] тЬЕ ACK: хнРц╡Б2 чбошодхП╖=72001 чкЧхПгцЫ┤цЦ░=0B
[   0.167s] ЁЯУд хПСщАБ: хнРц╡Б2 х║ПхП╖=84001 хдзх░П=1500B чЫоцаЗ=цОецФ╢члп
[   0.168s] ЁЯУд хПСщАБ: хнРц╡Б1 х║ПхП╖=16501 хдзх░П=1500B чЫоцаЗ=цОецФ╢члп
[   0.150s] тЬЕ ACK: хнРц╡Б2 чбошодхП╖=73501 чкЧхПгцЫ┤цЦ░=0B
[   0.170s] ЁЯУд хПСщАБ: хнРц╡Б2 х║ПхП╖=85501 хдзх░П=1500B чЫоцаЗ=цОецФ╢члп
[   0.152s] тЬЕ ACK: хнРц╡Б2 чбошодхП╖=75001 чкЧхПгцЫ┤цЦ░=0B
[   0.172s] ЁЯУд хПСщАБ: хнРц╡Б2 х║ПхП╖=87001 хдзх░П=1500B чЫоцаЗ=цОецФ╢члп
[   0.155s] тЬЕ ACK: хнРц╡Б2 чбошодхП╖=76501 чкЧхПгцЫ┤цЦ░=0B
[   0.175s] ЁЯУд хПСщАБ: хнРц╡Б2 х║ПхП╖=88501 хдзх░П=1500B чЫоцаЗ=цОецФ╢члп
[   0.157s] тЬЕ ACK: хнРц╡Б2 чбошодхП╖=78001 чкЧхПгцЫ┤цЦ░=0B
[   0.177s] ЁЯУд хПСщАБ: хнРц╡Б2 х║ПхП╖=90001 хдзх░П=1500B чЫоцаЗ=цОецФ╢члп
[   0.160s] тЬЕ ACK: хнРц╡Б2 чбошодхП╖=79501 чкЧхПгцЫ┤цЦ░=0B
[   0.180s] ЁЯУд хПСщАБ: хнРц╡Б2 х║ПхП╖=91501 хдзх░П=1500B чЫоцаЗ=цОецФ╢члп
[   0.162s] тЬЕ ACK: хнРц╡Б2 чбошодхП╖=81001 чкЧхПгцЫ┤цЦ░=0B
[   0.182s] ЁЯУд хПСщАБ: хнРц╡Б2 х║ПхП╖=93001 хдзх░П=1500B чЫоцаЗ=цОецФ╢члп
[   0.165s] тЬЕ ACK: хнРц╡Б2 чбошодхП╖=82501 чкЧхПгцЫ┤цЦ░=0B
[   0.185s] ЁЯУд хПСщАБ: хнРц╡Б2 х║ПхП╖=94501 хдзх░П=1500B чЫоцаЗ=цОецФ╢члп
[   0.167s] тЬЕ ACK: хнРц╡Б2 чбошодхП╖=84001 чкЧхПгцЫ┤цЦ░=0B
[   0.187s] ЁЯУд хПСщАБ: хнРц╡Б2 х║ПхП╖=96001 хдзх░П=1500B чЫоцаЗ=цОецФ╢члп
[   0.170s] тЬЕ ACK: хнРц╡Б2 чбошодхП╖=85501 чкЧхПгцЫ┤цЦ░=0B
[   0.190s] ЁЯУд хПСщАБ: хнРц╡Б2 х║ПхП╖=97501 хдзх░П=1500B чЫоцаЗ=цОецФ╢члп
[   0.172s] тЬЕ ACK: хнРц╡Б2 чбошодхП╖=87001 чкЧхПгцЫ┤цЦ░=0B
[   0.192s] ЁЯУд хПСщАБ: хнРц╡Б2 х║ПхП╖=99001 хдзх░П=1500B чЫоцаЗ=цОецФ╢члп
[   0.175s] тЬЕ ACK: хнРц╡Б2 чбошодхП╖=88501 чкЧхПгцЫ┤цЦ░=0B
[   0.195s] ЁЯУд хПСщАБ: хнРц╡Б2 х║ПхП╖=100501 хдзх░П=1500B чЫоцаЗ=цОецФ╢члп
[   0.177s] тЬЕ ACK: хнРц╡Б2 чбошодхП╖=90001 чкЧхПгцЫ┤цЦ░=0B
[   0.197s] ЁЯУд хПСщАБ: хнРц╡Б2 х║ПхП╖=102001 хдзх░П=1500B чЫоцаЗ=цОецФ╢члп
[   0.180s] тЬЕ ACK: хнРц╡Б2 чбошодхП╖=91501 чкЧхПгцЫ┤цЦ░=0B
[   0.200s] ЁЯУд хПСщАБ: хнРц╡Б2 х║ПхП╖=103501 хдзх░П=1500B чЫоцаЗ=цОецФ╢члп
[   0.182s] тЬЕ ACK: хнРц╡Б2 чбошодхП╖=93001 чкЧхПгцЫ┤цЦ░=0B
[   0.202s] ЁЯУд хПСщАБ: хнРц╡Б2 х║ПхП╖=105001 хдзх░П=1500B чЫоцаЗ=цОецФ╢члп
[   0.185s] тЬЕ ACK: хнРц╡Б2 чбошодхП╖=94501 чкЧхПгцЫ┤цЦ░=0B
[   0.205s] ЁЯУд хПСщАБ: хнРц╡Б2 х║ПхП╖=106501 хдзх░П=1500B чЫоцаЗ=цОецФ╢члп
[   0.187s] тЬЕ ACK: хнРц╡Б2 чбошодхП╖=96001 чкЧхПгцЫ┤цЦ░=0B
[   0.207s] ЁЯУд хПСщАБ: хнРц╡Б2 х║ПхП╖=108001 хдзх░П=1500B чЫоцаЗ=цОецФ╢члп
[   0.190s] тЬЕ ACK: хнРц╡Б2 чбошодхП╖=97501 чкЧхПгцЫ┤цЦ░=0B
[   0.210s] ЁЯУд хПСщАБ: хнРц╡Б2 х║ПхП╖=109501 хдзх░П=1500B чЫоцаЗ=цОецФ╢члп
[   0.192s] тЬЕ ACK: хнРц╡Б2 чбошодхП╖=99001 чкЧхПгцЫ┤цЦ░=0B
[   0.212s] ЁЯУд хПСщАБ: хнРц╡Б2 х║ПхП╖=111001 хдзх░П=1500B чЫоцаЗ=цОецФ╢члп
[   0.195s] тЬЕ ACK: хнРц╡Б2 чбошодхП╖=100501 чкЧхПгцЫ┤цЦ░=0B
[   0.215s] ЁЯУд хПСщАБ: хнРц╡Б2 х║ПхП╖=112501 хдзх░П=1500B чЫоцаЗ=цОецФ╢члп
[   0.197s] тЬЕ ACK: хнРц╡Б2 чбошодхП╖=102001 чкЧхПгцЫ┤цЦ░=0B
[   0.217s] ЁЯУд хПСщАБ: хнРц╡Б2 х║ПхП╖=114001 хдзх░П=1500B чЫоцаЗ=цОецФ╢члп
[   0.200s] тЬЕ ACK: хнРц╡Б2 чбошодхП╖=103501 чкЧхПгцЫ┤цЦ░=0B
[   0.220s] ЁЯУд хПСщАБ: хнРц╡Б2 х║ПхП╖=115501 хдзх░П=1500B чЫоцаЗ=цОецФ╢члп
[   0.202s] тЬЕ ACK: хнРц╡Б2 чбошодхП╖=105001 чкЧхПгцЫ┤цЦ░=0B
[   0.222s] ЁЯУд хПСщАБ: хнРц╡Б2 х║ПхП╖=117001 хдзх░П=1500B чЫоцаЗ=цОецФ╢члп
[   0.205s] тЬЕ ACK: хнРц╡Б2 чбошодхП╖=106501 чкЧхПгцЫ┤цЦ░=0B
[   0.225s] ЁЯУд хПСщАБ: хнРц╡Б2 х║ПхП╖=118501 хдзх░П=1500B чЫоцаЗ=цОецФ╢члп
[   0.207s] тЬЕ ACK: хнРц╡Б2 чбошодхП╖=108001 чкЧхПгцЫ┤цЦ░=0B
[   0.227s] ЁЯУд хПСщАБ: хнРц╡Б2 х║ПхП╖=120001 хдзх░П=1500B чЫоцаЗ=цОецФ╢члп
[   0.210s] тЬЕ ACK: хнРц╡Б2 чбошодхП╖=109501 чкЧхПгцЫ┤цЦ░=0B
[   0.230s] ЁЯУд хПСщАБ: хнРц╡Б2 х║ПхП╖=121501 хдзх░П=1500B чЫоцаЗ=цОецФ╢члп
[   0.212s] тЬЕ ACK: хнРц╡Б2 чбошодхП╖=111001 чкЧхПгцЫ┤цЦ░=0B
[   0.232s] ЁЯУд хПСщАБ: хнРц╡Б2 х║ПхП╖=123001 хдзх░П=1500B чЫоцаЗ=цОецФ╢члп
[   0.215s] тЬЕ ACK: хнРц╡Б2 чбошодхП╖=112501 чкЧхПгцЫ┤цЦ░=0B
[   0.235s] ЁЯУд хПСщАБ: хнРц╡Б2 х║ПхП╖=124501 хдзх░П=1500B чЫоцаЗ=цОецФ╢члп
[   0.217s] тЬЕ ACK: хнРц╡Б2 чбошодхП╖=114001 чкЧхПгцЫ┤цЦ░=0B
[   0.237s] ЁЯУд хПСщАБ: хнРц╡Б2 х║ПхП╖=126001 хдзх░П=1500B чЫоцаЗ=цОецФ╢члп
[   0.220s] тЬЕ ACK: хнРц╡Б2 чбошодхП╖=115501 чкЧхПгцЫ┤цЦ░=0B
[   0.240s] ЁЯУд хПСщАБ: хнРц╡Б2 х║ПхП╖=127501 хдзх░П=1500B чЫоцаЗ=цОецФ╢члп
[   0.222s] тЬЕ ACK: хнРц╡Б2 чбошодхП╖=117001 чкЧхПгцЫ┤цЦ░=0B
[   0.242s] ЁЯУд хПСщАБ: хнРц╡Б2 х║ПхП╖=129001 хдзх░П=1500B чЫоцаЗ=цОецФ╢члп
[   0.225s] тЬЕ ACK: хнРц╡Б2 чбошодхП╖=118501 чкЧхПгцЫ┤цЦ░=0B
[   0.245s] ЁЯУд хПСщАБ: хнРц╡Б2 х║ПхП╖=130501 хдзх░П=1500B чЫоцаЗ=цОецФ╢члп
[   0.227s] тЬЕ ACK: хнРц╡Б2 чбошодхП╖=120001 чкЧхПгцЫ┤цЦ░=0B
[   0.247s] ЁЯУд хПСщАБ: хнРц╡Б2 х║ПхП╖=132001 хдзх░П=1500B чЫоцаЗ=цОецФ╢члп
[   0.230s] тЬЕ ACK: хнРц╡Б2 чбошодхП╖=121501 чкЧхПгцЫ┤цЦ░=0B
[   0.250s] ЁЯУд хПСщАБ: хнРц╡Б2 х║ПхП╖=133501 хдзх░П=1500B чЫоцаЗ=цОецФ╢члп
[   0.168s] тЬЕ ACK: хнРц╡Б1 чбошодхП╖=1501 чкЧхПгцЫ┤цЦ░=0B
[   0.232s] тЬЕ ACK: хнРц╡Б2 чбошодхП╖=123001 чкЧхПгцЫ┤цЦ░=0B
[   0.252s] ЁЯУд хПСщАБ: хнРц╡Б2 х║ПхП╖=135001 хдзх░П=1500B чЫоцаЗ=цОецФ╢члп
[   0.235s] тЬЕ ACK: хнРц╡Б2 чбошодхП╖=124501 чкЧхПгцЫ┤цЦ░=0B
[   0.255s] ЁЯУд хПСщАБ: хнРц╡Б2 х║ПхП╖=136501 хдзх░П=1500B чЫоцаЗ=цОецФ╢члп
[   0.237s] тЬЕ ACK: хнРц╡Б2 чбошодхП╖=126001 чкЧхПгцЫ┤цЦ░=0B
[   0.257s] ЁЯУд хПСщАБ: хнРц╡Б2 х║ПхП╖=138001 хдзх░П=1500B чЫоцаЗ=цОецФ╢члп
[   0.168s] тЬЕ ACK: хнРц╡Б1 чбошодхП╖=3001 чкЧхПгцЫ┤цЦ░=0B
[   0.240s] тЬЕ ACK: хнРц╡Б2 чбошодхП╖=127501 чкЧхПгцЫ┤цЦ░=0B
[   0.260s] ЁЯУд хПСщАБ: хнРц╡Б2 х║ПхП╖=139501 хдзх░П=1500B чЫоцаЗ=цОецФ╢члп
[   0.242s] тЬЕ ACK: хнРц╡Б2 чбошодхП╖=129001 чкЧхПгцЫ┤цЦ░=0B
[   0.262s] ЁЯУд хПСщАБ: хнРц╡Б2 х║ПхП╖=141001 хдзх░П=1500B чЫоцаЗ=цОецФ╢члп
[   0.168s] тЬЕ ACK: хнРц╡Б1 чбошодхП╖=4501 чкЧхПгцЫ┤цЦ░=0B
[   0.245s] тЬЕ ACK: хнРц╡Б2 чбошодхП╖=130501 чкЧхПгцЫ┤цЦ░=0B
[   0.265s] ЁЯУд хПСщАБ: хнРц╡Б2 х║ПхП╖=142501 хдзх░П=1500B чЫоцаЗ=цОецФ╢члп
[   0.247s] тЬЕ ACK: хнРц╡Б2 чбошодхП╖=132001 чкЧхПгцЫ┤цЦ░=0B
[   0.267s] ЁЯУд хПСщАБ: хнРц╡Б2 х║ПхП╖=144001 хдзх░П=1500B чЫоцаЗ=цОецФ╢члп
[   0.250s] тЬЕ ACK: хнРц╡Б2 чбошодхП╖=133501 чкЧхПгцЫ┤цЦ░=0B
[   0.270s] ЁЯУд хПСщАБ: хнРц╡Б2 х║ПхП╖=145501 хдзх░П=1500B чЫоцаЗ=цОецФ╢члп
[   0.168s] тЬЕ ACK: хнРц╡Б1 чбошодхП╖=6001 чкЧхПгцЫ┤цЦ░=0B
[   0.252s] тЬЕ ACK: хнРц╡Б2 чбошодхП╖=135001 чкЧхПгцЫ┤цЦ░=0B
[   0.272s] ЁЯУд хПСщАБ: хнРц╡Б2 х║ПхП╖=147001 хдзх░П=1500B чЫоцаЗ=цОецФ╢члп
[   0.255s] тЬЕ ACK: хнРц╡Б2 чбошодхП╖=136501 чкЧхПгцЫ┤цЦ░=0B
[   0.275s] ЁЯУд хПСщАБ: хнРц╡Б2 х║ПхП╖=148501 хдзх░П=1500B чЫоцаЗ=цОецФ╢члп
[   0.168s] тЬЕ ACK: хнРц╡Б1 чбошодхП╖=7501 чкЧхПгцЫ┤цЦ░=0B
[   0.257s] тЬЕ ACK: хнРц╡Б2 чбошодхП╖=138001 чкЧхПгцЫ┤цЦ░=0B
[   0.277s] ЁЯУд хПСщАБ: хнРц╡Б2 х║ПхП╖=150001 хдзх░П=1500B чЫоцаЗ=цОецФ╢члп
[   0.260s] тЬЕ ACK: хнРц╡Б2 чбошодхП╖=139501 чкЧхПгцЫ┤цЦ░=0B
[   0.280s] ЁЯУд хПСщАБ: хнРц╡Б2 х║ПхП╖=151501 хдзх░П=1500B чЫоцаЗ=цОецФ╢члп
[   0.168s] тЬЕ ACK: хнРц╡Б1 чбошодхП╖=9001 чкЧхПгцЫ┤цЦ░=0B
[   0.262s] тЬЕ ACK: хнРц╡Б2 чбошодхП╖=141001 чкЧхПгцЫ┤цЦ░=0B
[   0.282s] ЁЯУд хПСщАБ: хнРц╡Б2 х║ПхП╖=153001 хдзх░П=1500B чЫоцаЗ=цОецФ╢члп
[   0.265s] тЬЕ ACK: хнРц╡Б2 чбошодхП╖=142501 чкЧхПгцЫ┤цЦ░=0B
[   0.285s] ЁЯУд хПСщАБ: хнРц╡Б2 х║ПхП╖=154501 хдзх░П=1500B чЫоцаЗ=цОецФ╢члп
[   0.267s] тЬЕ ACK: хнРц╡Б2 чбошодхП╖=144001 чкЧхПгцЫ┤цЦ░=0B
[   0.287s] ЁЯУд хПСщАБ: хнРц╡Б2 х║ПхП╖=156001 хдзх░П=1500B чЫоцаЗ=цОецФ╢члп
[   0.168s] тЬЕ ACK: хнРц╡Б1 чбошодхП╖=10501 чкЧхПгцЫ┤цЦ░=0B
[   0.270s] тЬЕ ACK: хнРц╡Б2 чбошодхП╖=145501 чкЧхПгцЫ┤цЦ░=0B
[   0.290s] ЁЯУд хПСщАБ: хнРц╡Б2 х║ПхП╖=157501 хдзх░П=1500B чЫоцаЗ=цОецФ╢члп
[   0.272s] тЬЕ ACK: хнРц╡Б2 чбошодхП╖=147001 чкЧхПгцЫ┤цЦ░=0B
[   0.292s] ЁЯУд хПСщАБ: хнРц╡Б2 х║ПхП╖=159001 хдзх░П=1500B чЫоцаЗ=цОецФ╢члп
[   0.168s] тЬЕ ACK: хнРц╡Б1 чбошодхП╖=12001 чкЧхПгцЫ┤цЦ░=0B
[   0.275s] тЬЕ ACK: хнРц╡Б2 чбошодхП╖=148501 чкЧхПгцЫ┤цЦ░=0B
[   0.295s] ЁЯУд хПСщАБ: хнРц╡Б2 х║ПхП╖=160501 хдзх░П=1500B чЫоцаЗ=цОецФ╢члп
[   0.277s] тЬЕ ACK: хнРц╡Б2 чбошодхП╖=150001 чкЧхПгцЫ┤цЦ░=0B
[   0.297s] ЁЯУд хПСщАБ: хнРц╡Б2 х║ПхП╖=162001 хдзх░П=1500B чЫоцаЗ=цОецФ╢члп
[   0.280s] тЬЕ ACK: хнРц╡Б2 чбошодхП╖=151501 чкЧхПгцЫ┤цЦ░=0B
[   0.300s] ЁЯУд хПСщАБ: хнРц╡Б2 х║ПхП╖=163501 хдзх░П=1500B чЫоцаЗ=цОецФ╢члп
[   0.168s] тЬЕ ACK: хнРц╡Б1 чбошодхП╖=13501 чкЧхПгцЫ┤цЦ░=0B
[   0.282s] тЬЕ ACK: хнРц╡Б2 чбошодхП╖=153001 чкЧхПгцЫ┤цЦ░=0B
[   0.302s] ЁЯУд хПСщАБ: хнРц╡Б2 х║ПхП╖=165001 хдзх░П=1500B чЫоцаЗ=цОецФ╢члп
[   0.285s] тЬЕ ACK: хнРц╡Б2 чбошодхП╖=154501 чкЧхПгцЫ┤цЦ░=0B
[   0.305s] ЁЯУд хПСщАБ: хнРц╡Б2 х║ПхП╖=166501 хдзх░П=1500B чЫоцаЗ=цОецФ╢члп
[   0.168s] тЬЕ ACK: хнРц╡Б1 чбошодхП╖=15001 чкЧхПгцЫ┤цЦ░=0B
[   0.287s] тЬЕ ACK: хнРц╡Б2 чбошодхП╖=156001 чкЧхПгцЫ┤цЦ░=0B
[   0.307s] ЁЯУд хПСщАБ: хнРц╡Б2 х║ПхП╖=168001 хдзх░П=1500B чЫоцаЗ=цОецФ╢члп
[   0.290s] тЬЕ ACK: хнРц╡Б2 чбошодхП╖=157501 чкЧхПгцЫ┤цЦ░=0B
[   0.310s] ЁЯУд хПСщАБ: хнРц╡Б2 х║ПхП╖=169501 хдзх░П=1500B чЫоцаЗ=цОецФ╢члп
[   0.168s] тЬЕ ACK: хнРц╡Б1 чбошодхП╖=16501 чкЧхПгцЫ┤цЦ░=0B
[   0.292s] тЬЕ ACK: хнРц╡Б2 чбошодхП╖=159001 чкЧхПгцЫ┤цЦ░=0B
[   0.312s] ЁЯУд хПСщАБ: хнРц╡Б2 х║ПхП╖=171001 хдзх░П=1500B чЫоцаЗ=цОецФ╢члп
[   0.295s] тЬЕ ACK: хнРц╡Б2 чбошодхП╖=160501 чкЧхПгцЫ┤цЦ░=0B
[   0.315s] ЁЯУд хПСщАБ: хнРц╡Б2 х║ПхП╖=172501 хдзх░П=1500B чЫоцаЗ=цОецФ╢члп
[   0.297s] тЬЕ ACK: хнРц╡Б2 чбошодхП╖=162001 чкЧхПгцЫ┤цЦ░=0B
[   0.317s] ЁЯУд хПСщАБ: хнРц╡Б2 х║ПхП╖=174001 хдзх░П=1500B чЫоцаЗ=цОецФ╢члп
[   0.300s] тЬЕ ACK: хнРц╡Б2 чбошодхП╖=163501 чкЧхПгцЫ┤цЦ░=0B
[   0.320s] ЁЯУд хПСщАБ: хнРц╡Б2 х║ПхП╖=175501 хдзх░П=1500B чЫоцаЗ=цОецФ╢члп
[   0.302s] тЬЕ ACK: хнРц╡Б2 чбошодхП╖=165001 чкЧхПгцЫ┤цЦ░=0B
[   0.322s] ЁЯУд хПСщАБ: хнРц╡Б2 х║ПхП╖=177001 хдзх░П=1500B чЫоцаЗ=цОецФ╢члп
[   0.305s] тЬЕ ACK: хнРц╡Б2 чбошодхП╖=166501 чкЧхПгцЫ┤цЦ░=0B
[   0.325s] ЁЯУд хПСщАБ: хнРц╡Б2 х║ПхП╖=178501 хдзх░П=1500B чЫоцаЗ=цОецФ╢члп
[   0.327s] ЁЯУд хПСщАБ: хнРц╡Б1 х║ПхП╖=19501 хдзх░П=1500B чЫоцаЗ=цОецФ╢члп
[   0.307s] тЬЕ ACK: хнРц╡Б2 чбошодхП╖=168001 чкЧхПгцЫ┤цЦ░=0B
[   0.327s] ЁЯУд хПСщАБ: хнРц╡Б2 х║ПхП╖=180001 хдзх░П=1500B чЫоцаЗ=цОецФ╢члп
[   0.310s] тЬЕ ACK: хнРц╡Б2 чбошодхП╖=169501 чкЧхПгцЫ┤цЦ░=0B
[   0.330s] ЁЯУд хПСщАБ: хнРц╡Б2 х║ПхП╖=181501 хдзх░П=1500B чЫоцаЗ=цОецФ╢члп
[   0.312s] тЬЕ ACK: хнРц╡Б2 чбошодхП╖=171001 чкЧхПгцЫ┤цЦ░=0B
[   0.332s] ЁЯУд хПСщАБ: хнРц╡Б2 х║ПхП╖=183001 хдзх░П=1500B чЫоцаЗ=цОецФ╢члп
[   0.333s] ЁЯУд хПСщАБ: хнРц╡Б1 х║ПхП╖=22501 хдзх░П=1500B чЫоцаЗ=цОецФ╢члп
[   0.315s] тЬЕ ACK: хнРц╡Б2 чбошодхП╖=172501 чкЧхПгцЫ┤цЦ░=0B
[   0.335s] ЁЯУд хПСщАБ: хнРц╡Б2 х║ПхП╖=184501 хдзх░П=1500B чЫоцаЗ=цОецФ╢члп
[   0.317s] тЬЕ ACK: хнРц╡Б2 чбошодхП╖=174001 чкЧхПгцЫ┤цЦ░=0B
[   0.337s] ЁЯУд хПСщАБ: хнРц╡Б2 х║ПхП╖=186001 хдзх░П=1500B чЫоцаЗ=цОецФ╢члп
[   0.339s] ЁЯУд хПСщАБ: хнРц╡Б1 х║ПхП╖=25501 хдзх░П=1500B чЫоцаЗ=цОецФ╢члп
[   0.320s] тЬЕ ACK: хнРц╡Б2 чбошодхП╖=175501 чкЧхПгцЫ┤цЦ░=0B
[   0.340s] ЁЯУд хПСщАБ: хнРц╡Б2 х║ПхП╖=187501 хдзх░П=1500B чЫоцаЗ=цОецФ╢члп
[   0.322s] тЬЕ ACK: хнРц╡Б2 чбошодхП╖=177001 чкЧхПгцЫ┤цЦ░=0B
[   0.342s] ЁЯУд хПСщАБ: хнРц╡Б2 х║ПхП╖=189001 хдзх░П=1500B чЫоцаЗ=цОецФ╢члп
[   0.325s] тЬЕ ACK: хнРц╡Б2 чбошодхП╖=178501 чкЧхПгцЫ┤цЦ░=0B
[   0.345s] ЁЯУд хПСщАБ: хнРц╡Б2 х║ПхП╖=190501 хдзх░П=1500B чЫоцаЗ=цОецФ╢члп
[   0.345s] ЁЯУд хПСщАБ: хнРц╡Б1 х║ПхП╖=28501 хдзх░П=1500B чЫоцаЗ=цОецФ╢члп
[   0.327s] тЬЕ ACK: хнРц╡Б2 чбошодхП╖=180001 чкЧхПгцЫ┤цЦ░=0B
[   0.347s] ЁЯУд хПСщАБ: хнРц╡Б2 х║ПхП╖=192001 хдзх░П=1500B чЫоцаЗ=цОецФ╢члп
[   0.330s] тЬЕ ACK: хнРц╡Б2 чбошодхП╖=181501 чкЧхПгцЫ┤цЦ░=0B
[   0.350s] ЁЯУд хПСщАБ: хнРц╡Б2 х║ПхП╖=193501 хдзх░П=1500B чЫоцаЗ=цОецФ╢члп
[   0.351s] ЁЯУд хПСщАБ: хнРц╡Б1 х║ПхП╖=31501 хдзх░П=1500B чЫоцаЗ=цОецФ╢члп
[   0.332s] тЬЕ ACK: хнРц╡Б2 чбошодхП╖=183001 чкЧхПгцЫ┤цЦ░=0B
[   0.352s] ЁЯУд хПСщАБ: хнРц╡Б2 х║ПхП╖=195001 хдзх░П=1500B чЫоцаЗ=цОецФ╢члп
[   0.335s] тЬЕ ACK: хнРц╡Б2 чбошодхП╖=184501 чкЧхПгцЫ┤цЦ░=0B
[   0.355s] ЁЯУд хПСщАБ: хнРц╡Б2 х║ПхП╖=196501 хдзх░П=1500B чЫоцаЗ=цОецФ╢члп
[   0.357s] ЁЯУд хПСщАБ: хнРц╡Б1 х║ПхП╖=33001 хдзх░П=1500B чЫоцаЗ=цОецФ╢члп
[   0.337s] тЬЕ ACK: хнРц╡Б2 чбошодхП╖=186001 чкЧхПгцЫ┤цЦ░=0B
[   0.357s] ЁЯУд хПСщАБ: хнРц╡Б2 х║ПхП╖=198001 хдзх░П=1500B чЫоцаЗ=цОецФ╢члп
[   0.340s] тЬЕ ACK: хнРц╡Б2 чбошодхП╖=187501 чкЧхПгцЫ┤цЦ░=0B
[   0.360s] ЁЯУд хПСщАБ: хнРц╡Б2 х║ПхП╖=199501 хдзх░П=1500B чЫоцаЗ=цОецФ╢члп
[   0.342s] тЬЕ ACK: хнРц╡Б2 чбошодхП╖=189001 чкЧхПгцЫ┤цЦ░=0B
[   0.362s] ЁЯУд хПСщАБ: хнРц╡Б2 х║ПхП╖=201001 хдзх░П=1500B чЫоцаЗ=цОецФ╢члп
[   0.363s] ЁЯУд хПСщАБ: хнРц╡Б1 х║ПхП╖=34501 хдзх░П=1500B чЫоцаЗ=цОецФ╢члп
[   0.345s] тЬЕ ACK: хнРц╡Б2 чбошодхП╖=190501 чкЧхПгцЫ┤цЦ░=0B
[   0.365s] ЁЯУд хПСщАБ: хнРц╡Б2 х║ПхП╖=202501 хдзх░П=1500B чЫоцаЗ=цОецФ╢члп
[   0.347s] тЬЕ ACK: хнРц╡Б2 чбошодхП╖=192001 чкЧхПгцЫ┤цЦ░=0B
[   0.367s] ЁЯУд хПСщАБ: хнРц╡Б2 х║ПхП╖=204001 хдзх░П=1500B чЫоцаЗ=цОецФ╢члп
[   0.369s] ЁЯУд хПСщАБ: хнРц╡Б1 х║ПхП╖=36001 хдзх░П=1500B чЫоцаЗ=цОецФ╢члп
[   0.350s] тЬЕ ACK: хнРц╡Б2 чбошодхП╖=193501 чкЧхПгцЫ┤цЦ░=0B
[   0.370s] ЁЯУд хПСщАБ: хнРц╡Б2 х║ПхП╖=205501 хдзх░П=1500B чЫоцаЗ=цОецФ╢члп
[   0.352s] тЬЕ ACK: хнРц╡Б2 чбошодхП╖=195001 чкЧхПгцЫ┤цЦ░=0B
[   0.372s] ЁЯУд хПСщАБ: хнРц╡Б2 х║ПхП╖=207001 хдзх░П=1500B чЫоцаЗ=цОецФ╢члп
[   0.355s] тЬЕ ACK: хнРц╡Б2 чбошодхП╖=196501 чкЧхПгцЫ┤цЦ░=0B
[   0.375s] ЁЯУд хПСщАБ: хнРц╡Б2 х║ПхП╖=208501 хдзх░П=1500B чЫоцаЗ=цОецФ╢члп
[   0.375s] ЁЯУд хПСщАБ: хнРц╡Б1 х║ПхП╖=37501 хдзх░П=1500B чЫоцаЗ=цОецФ╢члп
[   0.357s] тЬЕ ACK: хнРц╡Б2 чбошодхП╖=198001 чкЧхПгцЫ┤цЦ░=0B
[   0.377s] ЁЯУд хПСщАБ: хнРц╡Б2 х║ПхП╖=210001 хдзх░П=1500B чЫоцаЗ=цОецФ╢члп
[   0.360s] тЬЕ ACK: хнРц╡Б2 чбошодхП╖=199501 чкЧхПгцЫ┤цЦ░=0B
[   0.380s] ЁЯУд хПСщАБ: хнРц╡Б2 х║ПхП╖=211501 хдзх░П=1500B чЫоцаЗ=цОецФ╢члп
[   0.381s] ЁЯУд хПСщАБ: хнРц╡Б1 х║ПхП╖=39001 хдзх░П=1500B чЫоцаЗ=цОецФ╢члп
[   0.362s] тЬЕ ACK: хнРц╡Б2 чбошодхП╖=201001 чкЧхПгцЫ┤цЦ░=0B
[   0.382s] ЁЯУд хПСщАБ: хнРц╡Б2 х║ПхП╖=213001 хдзх░П=1500B чЫоцаЗ=цОецФ╢члп
[   0.365s] тЬЕ ACK: хнРц╡Б2 чбошодхП╖=202501 чкЧхПгцЫ┤цЦ░=0B
[   0.385s] ЁЯУд хПСщАБ: хнРц╡Б2 х║ПхП╖=214501 хдзх░П=1500B чЫоцаЗ=цОецФ╢члп
[   0.387s] ЁЯУд хПСщАБ: хнРц╡Б1 х║ПхП╖=40501 хдзх░П=1500B чЫоцаЗ=цОецФ╢члп
[   0.367s] тЬЕ ACK: хнРц╡Б2 чбошодхП╖=204001 чкЧхПгцЫ┤цЦ░=0B
[   0.387s] ЁЯУд хПСщАБ: хнРц╡Б2 х║ПхП╖=216001 хдзх░П=1500B чЫоцаЗ=цОецФ╢члп
[   0.370s] тЬЕ ACK: хнРц╡Б2 чбошодхП╖=205501 чкЧхПгцЫ┤цЦ░=0B
[   0.390s] ЁЯУд хПСщАБ: хнРц╡Б2 х║ПхП╖=217501 хдзх░П=1500B чЫоцаЗ=цОецФ╢члп
[   0.372s] тЬЕ ACK: хнРц╡Б2 чбошодхП╖=207001 чкЧхПгцЫ┤цЦ░=0B
[   0.392s] ЁЯУд хПСщАБ: хнРц╡Б2 х║ПхП╖=219001 хдзх░П=1500B чЫоцаЗ=цОецФ╢члп
[   0.375s] тЬЕ ACK: хнРц╡Б2 чбошодхП╖=208501 чкЧхПгцЫ┤цЦ░=0B
[   0.395s] ЁЯУд хПСщАБ: хнРц╡Б2 х║ПхП╖=220501 хдзх░П=1500B чЫоцаЗ=цОецФ╢члп
[   0.377s] тЬЕ ACK: хнРц╡Б2 чбошодхП╖=210001 чкЧхПгцЫ┤цЦ░=0B
[   0.397s] ЁЯУд хПСщАБ: хнРц╡Б2 х║ПхП╖=222001 хдзх░П=1500B чЫоцаЗ=цОецФ╢члп
[   0.380s] тЬЕ ACK: хнРц╡Б2 чбошодхП╖=211501 чкЧхПгцЫ┤цЦ░=0B
[   0.400s] ЁЯУд хПСщАБ: хнРц╡Б2 х║ПхП╖=223501 хдзх░П=1500B чЫоцаЗ=цОецФ╢члп
[   0.382s] тЬЕ ACK: хнРц╡Б2 чбошодхП╖=213001 чкЧхПгцЫ┤цЦ░=0B
[   0.402s] ЁЯУд хПСщАБ: хнРц╡Б2 х║ПхП╖=225001 хдзх░П=1500B чЫоцаЗ=цОецФ╢члп
[   0.385s] тЬЕ ACK: хнРц╡Б2 чбошодхП╖=214501 чкЧхПгцЫ┤цЦ░=0B
[   0.405s] ЁЯУд хПСщАБ: хнРц╡Б2 х║ПхП╖=226501 хдзх░П=1500B чЫоцаЗ=цОецФ╢члп
[   0.387s] тЬЕ ACK: хнРц╡Б2 чбошодхП╖=216001 чкЧхПгцЫ┤цЦ░=0B
[   0.407s] ЁЯУд хПСщАБ: хнРц╡Б2 х║ПхП╖=228001 хдзх░П=1500B чЫоцаЗ=цОецФ╢члп
[   0.390s] тЬЕ ACK: хнРц╡Б2 чбошодхП╖=217501 чкЧхПгцЫ┤цЦ░=0B
[   0.410s] ЁЯУд хПСщАБ: хнРц╡Б2 х║ПхП╖=229501 хдзх░П=1500B чЫоцаЗ=цОецФ╢члп
[   0.327s] тЬЕ ACK: хнРц╡Б1 чбошодхП╖=18001 чкЧхПгцЫ┤цЦ░=0B
[   0.392s] тЬЕ ACK: хнРц╡Б2 чбошодхП╖=219001 чкЧхПгцЫ┤цЦ░=0B
[   0.412s] ЁЯУд хПСщАБ: хнРц╡Б2 х║ПхП╖=231001 хдзх░П=1500B чЫоцаЗ=цОецФ╢члп
[   0.395s] тЬЕ ACK: хнРц╡Б2 чбошодхП╖=220501 чкЧхПгцЫ┤цЦ░=0B
[   0.415s] ЁЯУд хПСщАБ: хнРц╡Б2 х║ПхП╖=232501 хдзх░П=1500B чЫоцаЗ=цОецФ╢члп
[   0.327s] тЬЕ ACK: хнРц╡Б1 чбошодхП╖=19501 чкЧхПгцЫ┤цЦ░=0B
[   0.397s] тЬЕ ACK: хнРц╡Б2 чбошодхП╖=222001 чкЧхПгцЫ┤цЦ░=0B
[   0.417s] ЁЯУд хПСщАБ: хнРц╡Б2 х║ПхП╖=234001 хдзх░П=1500B чЫоцаЗ=цОецФ╢члп
[   0.400s] тЬЕ ACK: хнРц╡Б2 чбошодхП╖=223501 чкЧхПгцЫ┤цЦ░=0B
[   0.420s] ЁЯУд хПСщАБ: хнРц╡Б2 х║ПхП╖=235501 хдзх░П=1500B чЫоцаЗ=цОецФ╢члп
[   0.402s] тЬЕ ACK: хнРц╡Б2 чбошодхП╖=225001 чкЧхПгцЫ┤цЦ░=0B
[   0.422s] ЁЯУд хПСщАБ: хнРц╡Б2 х║ПхП╖=237001 хдзх░П=1500B чЫоцаЗ=цОецФ╢члп
[   0.333s] тЬЕ ACK: хнРц╡Б1 чбошодхП╖=21001 чкЧхПгцЫ┤цЦ░=0B
[   0.405s] тЬЕ ACK: хнРц╡Б2 чбошодхП╖=226501 чкЧхПгцЫ┤цЦ░=0B
[   0.425s] ЁЯУд хПСщАБ: хнРц╡Б2 х║ПхП╖=238501 хдзх░П=1500B чЫоцаЗ=цОецФ╢члп
[   0.407s] тЬЕ ACK: хнРц╡Б2 чбошодхП╖=228001 чкЧхПгцЫ┤цЦ░=0B
[   0.427s] ЁЯУд хПСщАБ: хнРц╡Б2 х║ПхП╖=240001 хдзх░П=1500B чЫоцаЗ=цОецФ╢члп
[   0.333s] тЬЕ ACK: хнРц╡Б1 чбошодхП╖=22501 чкЧхПгцЫ┤цЦ░=0B
[   0.410s] тЬЕ ACK: хнРц╡Б2 чбошодхП╖=229501 чкЧхПгцЫ┤цЦ░=0B
[   0.430s] ЁЯУд хПСщАБ: хнРц╡Б2 х║ПхП╖=241501 хдзх░П=1500B чЫоцаЗ=цОецФ╢члп
[   0.412s] тЬЕ ACK: хнРц╡Б2 чбошодхП╖=231001 чкЧхПгцЫ┤цЦ░=0B
[   0.432s] ЁЯУд хПСщАБ: хнРц╡Б2 х║ПхП╖=243001 хдзх░П=1500B чЫоцаЗ=цОецФ╢члп
[   0.415s] тЬЕ ACK: хнРц╡Б2 чбошодхП╖=232501 чкЧхПгцЫ┤цЦ░=0B
[   0.435s] ЁЯУд хПСщАБ: хнРц╡Б2 х║ПхП╖=244501 хдзх░П=1500B чЫоцаЗ=цОецФ╢члп
[   0.339s] тЬЕ ACK: хнРц╡Б1 чбошодхП╖=24001 чкЧхПгцЫ┤цЦ░=0B
[   0.417s] тЬЕ ACK: хнРц╡Б2 чбошодхП╖=234001 чкЧхПгцЫ┤цЦ░=0B
[   0.437s] ЁЯУд хПСщАБ: хнРц╡Б2 х║ПхП╖=246001 хдзх░П=1500B чЫоцаЗ=цОецФ╢члп
[   0.420s] тЬЕ ACK: хнРц╡Б2 чбошодхП╖=235501 чкЧхПгцЫ┤цЦ░=0B
[   0.440s] ЁЯУд хПСщАБ: хнРц╡Б2 х║ПхП╖=247501 хдзх░П=1500B чЫоцаЗ=цОецФ╢члп
[   0.339s] тЬЕ ACK: хнРц╡Б1 чбошодхП╖=25501 чкЧхПгцЫ┤цЦ░=0B
[   0.422s] тЬЕ ACK: хнРц╡Б2 чбошодхП╖=237001 чкЧхПгцЫ┤цЦ░=0B
[   0.442s] ЁЯУд хПСщАБ: хнРц╡Б2 х║ПхП╖=249001 хдзх░П=1500B чЫоцаЗ=цОецФ╢члп
[   0.425s] тЬЕ ACK: хнРц╡Б2 чбошодхП╖=238501 чкЧхПгцЫ┤цЦ░=0B
[   0.445s] ЁЯУд хПСщАБ: хнРц╡Б2 х║ПхП╖=250501 хдзх░П=1500B чЫоцаЗ=цОецФ╢члп
[   0.345s] тЬЕ ACK: хнРц╡Б1 чбошодхП╖=27001 чкЧхПгцЫ┤цЦ░=0B
[   0.427s] тЬЕ ACK: хнРц╡Б2 чбошодхП╖=240001 чкЧхПгцЫ┤цЦ░=0B
[   0.447s] ЁЯУд хПСщАБ: хнРц╡Б2 х║ПхП╖=252001 хдзх░П=1500B чЫоцаЗ=цОецФ╢члп
[   0.430s] тЬЕ ACK: хнРц╡Б2 чбошодхП╖=241501 чкЧхПгцЫ┤цЦ░=0B
[   0.450s] ЁЯУд хПСщАБ: хнРц╡Б2 х║ПхП╖=253501 хдзх░П=1500B чЫоцаЗ=цОецФ╢члп
[   0.432s] тЬЕ ACK: хнРц╡Б2 чбошодхП╖=243001 чкЧхПгцЫ┤цЦ░=0B
[   0.452s] ЁЯУд хПСщАБ: хнРц╡Б2 х║ПхП╖=255001 хдзх░П=1500B чЫоцаЗ=цОецФ╢члп
[   0.345s] тЬЕ ACK: хнРц╡Б1 чбошодхП╖=28501 чкЧхПгцЫ┤цЦ░=0B
[   0.435s] тЬЕ ACK: хнРц╡Б2 чбошодхП╖=244501 чкЧхПгцЫ┤цЦ░=0B
[   0.455s] ЁЯУд хПСщАБ: хнРц╡Б2 х║ПхП╖=256501 хдзх░П=1500B чЫоцаЗ=цОецФ╢члп
[   0.437s] тЬЕ ACK: хнРц╡Б2 чбошодхП╖=246001 чкЧхПгцЫ┤цЦ░=0B
[   0.457s] ЁЯУд хПСщАБ: хнРц╡Б2 х║ПхП╖=258001 хдзх░П=1500B чЫоцаЗ=цОецФ╢члп
[   0.351s] тЬЕ ACK: хнРц╡Б1 чбошодхП╖=30001 чкЧхПгцЫ┤цЦ░=0B
[   0.440s] тЬЕ ACK: хнРц╡Б2 чбошодхП╖=247501 чкЧхПгцЫ┤цЦ░=0B
[   0.460s] ЁЯУд хПСщАБ: хнРц╡Б2 х║ПхП╖=259501 хдзх░П=1500B чЫоцаЗ=цОецФ╢члп
[   0.442s] тЬЕ ACK: хнРц╡Б2 чбошодхП╖=249001 чкЧхПгцЫ┤цЦ░=0B
[   0.462s] ЁЯУд хПСщАБ: хнРц╡Б2 х║ПхП╖=261001 хдзх░П=1500B чЫоцаЗ=цОецФ╢члп
[   0.445s] тЬЕ ACK: хнРц╡Б2 чбошодхП╖=250501 чкЧхПгцЫ┤цЦ░=0B
[   0.465s] ЁЯУд хПСщАБ: хнРц╡Б2 х║ПхП╖=262501 хдзх░П=1500B чЫоцаЗ=цОецФ╢члп
[   0.351s] тЬЕ ACK: хнРц╡Б1 чбошодхП╖=31501 чкЧхПгцЫ┤цЦ░=0B
[   0.447s] тЬЕ ACK: хнРц╡Б2 чбошодхП╖=252001 чкЧхПгцЫ┤цЦ░=0B
[   0.467s] ЁЯУд хПСщАБ: хнРц╡Б2 х║ПхП╖=264001 хдзх░П=1500B чЫоцаЗ=цОецФ╢члп
[   0.450s] тЬЕ ACK: хнРц╡Б2 чбошодхП╖=253501 чкЧхПгцЫ┤цЦ░=0B
[   0.470s] ЁЯУд хПСщАБ: хнРц╡Б2 х║ПхП╖=265501 хдзх░П=1500B чЫоцаЗ=цОецФ╢члп
[   0.357s] тЬЕ ACK: хнРц╡Б1 чбошодхП╖=33001 чкЧхПгцЫ┤цЦ░=0B
[   0.452s] тЬЕ ACK: хнРц╡Б2 чбошодхП╖=255001 чкЧхПгцЫ┤цЦ░=0B
[   0.472s] ЁЯУд хПСщАБ: хнРц╡Б2 х║ПхП╖=267001 хдзх░П=1500B чЫоцаЗ=цОецФ╢члп
[   0.455s] тЬЕ ACK: хнРц╡Б2 чбошодхП╖=256501 чкЧхПгцЫ┤цЦ░=0B
[   0.475s] ЁЯУд хПСщАБ: хнРц╡Б2 х║ПхП╖=268501 хдзх░П=1500B чЫоцаЗ=цОецФ╢члп
[   0.363s] тЬЕ ACK: хнРц╡Б1 чбошодхП╖=34501 чкЧхПгцЫ┤цЦ░=0B
[   0.457s] тЬЕ ACK: хнРц╡Б2 чбошодхП╖=258001 чкЧхПгцЫ┤цЦ░=0B
[   0.477s] ЁЯУд хПСщАБ: хнРц╡Б2 х║ПхП╖=270001 хдзх░П=1500B чЫоцаЗ=цОецФ╢члп
[   0.460s] тЬЕ ACK: хнРц╡Б2 чбошодхП╖=259501 чкЧхПгцЫ┤цЦ░=0B
[   0.480s] ЁЯУд хПСщАБ: хнРц╡Б2 х║ПхП╖=271501 хдзх░П=1500B чЫоцаЗ=цОецФ╢члп
[   0.462s] тЬЕ ACK: хнРц╡Б2 чбошодхП╖=261001 чкЧхПгцЫ┤цЦ░=0B
[   0.482s] ЁЯУд хПСщАБ: хнРц╡Б2 х║ПхП╖=273001 хдзх░П=1500B чЫоцаЗ=цОецФ╢члп
[   0.369s] тЬЕ ACK: хнРц╡Б1 чбошодхП╖=36001 чкЧхПгцЫ┤цЦ░=0B
[   0.465s] тЬЕ ACK: хнРц╡Б2 чбошодхП╖=262501 чкЧхПгцЫ┤цЦ░=0B
[   0.485s] ЁЯУд хПСщАБ: хнРц╡Б2 х║ПхП╖=274501 хдзх░П=1500B чЫоцаЗ=цОецФ╢члп
[   0.486s] ЁЯУд хПСщАБ: хнРц╡Б1 х║ПхП╖=42001 хдзх░П=1500B чЫоцаЗ=цОецФ╢члп
[   0.467s] тЬЕ ACK: хнРц╡Б2 чбошодхП╖=264001 чкЧхПгцЫ┤цЦ░=0B
[   0.487s] ЁЯУд хПСщАБ: хнРц╡Б2 х║ПхП╖=276001 хдзх░П=1500B чЫоцаЗ=цОецФ╢члп
[   0.375s] тЬЕ ACK: хнРц╡Б1 чбошодхП╖=37501 чкЧхПгцЫ┤цЦ░=0B
[   0.470s] тЬЕ ACK: хнРц╡Б2 чбошодхП╖=265501 чкЧхПгцЫ┤цЦ░=0B
[   0.490s] ЁЯУд хПСщАБ: хнРц╡Б2 х║ПхП╖=277501 хдзх░П=1500B чЫоцаЗ=цОецФ╢члп
[   0.492s] ЁЯУд хПСщАБ: хнРц╡Б1 х║ПхП╖=45001 хдзх░П=1500B чЫоцаЗ=цОецФ╢члп
[   0.472s] тЬЕ ACK: хнРц╡Б2 чбошодхП╖=267001 чкЧхПгцЫ┤цЦ░=0B
[   0.492s] ЁЯУд хПСщАБ: хнРц╡Б2 х║ПхП╖=279001 хдзх░П=1500B чЫоцаЗ=цОецФ╢члп
[   0.475s] тЬЕ ACK: хнРц╡Б2 чбошодхП╖=268501 чкЧхПгцЫ┤цЦ░=0B
[   0.495s] ЁЯУд хПСщАБ: хнРц╡Б2 х║ПхП╖=280501 хдзх░П=1500B чЫоцаЗ=цОецФ╢члп
[   0.381s] тЬЕ ACK: хнРц╡Б1 чбошодхП╖=39001 чкЧхПгцЫ┤цЦ░=0B
[   0.477s] тЬЕ ACK: хнРц╡Б2 чбошодхП╖=270001 чкЧхПгцЫ┤цЦ░=0B
[   0.497s] ЁЯУд хПСщАБ: хнРц╡Б2 х║ПхП╖=282001 хдзх░П=1500B чЫоцаЗ=цОецФ╢члп
[   0.498s] ЁЯУд хПСщАБ: хнРц╡Б1 х║ПхП╖=46501 хдзх░П=1500B чЫоцаЗ=цОецФ╢члп
[   0.480s] тЬЕ ACK: хнРц╡Б2 чбошодхП╖=271501 чкЧхПгцЫ┤цЦ░=0B
[   0.500s] ЁЯУд хПСщАБ: хнРц╡Б2 х║ПхП╖=283501 хдзх░П=1500B чЫоцаЗ=цОецФ╢члп
[   0.387s] тЬЕ ACK: хнРц╡Б1 чбошодхП╖=40501 чкЧхПгцЫ┤цЦ░=0B
[   0.482s] тЬЕ ACK: хнРц╡Б2 чбошодхП╖=273001 чкЧхПгцЫ┤цЦ░=0B
[   0.502s] ЁЯУд хПСщАБ: хнРц╡Б2 х║ПхП╖=285001 хдзх░П=1500B чЫоцаЗ=цОецФ╢члп
[   0.504s] ЁЯУд хПСщАБ: хнРц╡Б1 х║ПхП╖=48001 хдзх░П=1500B чЫоцаЗ=цОецФ╢члп
[   0.485s] тЬЕ ACK: хнРц╡Б2 чбошодхП╖=274501 чкЧхПгцЫ┤цЦ░=0B
[   0.505s] ЁЯУд хПСщАБ: хнРц╡Б2 х║ПхП╖=286501 хдзх░П=1500B чЫоцаЗ=цОецФ╢члп
[   0.487s] тЬЕ ACK: хнРц╡Б2 чбошодхП╖=276001 чкЧхПгцЫ┤цЦ░=0B
[   0.507s] ЁЯУд хПСщАБ: хнРц╡Б2 х║ПхП╖=288001 хдзх░П=1500B чЫоцаЗ=цОецФ╢члп
[   0.490s] тЬЕ ACK: хнРц╡Б2 чбошодхП╖=277501 чкЧхПгцЫ┤цЦ░=0B
[   0.510s] ЁЯУд хПСщАБ: хнРц╡Б2 х║ПхП╖=289501 хдзх░П=1500B чЫоцаЗ=цОецФ╢члп
[   0.510s] ЁЯУд хПСщАБ: хнРц╡Б1 х║ПхП╖=49501 хдзх░П=1500B чЫоцаЗ=цОецФ╢члп
[   0.492s] тЬЕ ACK: хнРц╡Б2 чбошодхП╖=279001 чкЧхПгцЫ┤цЦ░=0B
[   0.512s] ЁЯУд хПСщАБ: хнРц╡Б2 х║ПхП╖=291001 хдзх░П=1500B чЫоцаЗ=цОецФ╢члп
[   0.495s] тЬЕ ACK: хнРц╡Б2 чбошодхП╖=280501 чкЧхПгцЫ┤цЦ░=0B
[   0.515s] ЁЯУд хПСщАБ: хнРц╡Б2 х║ПхП╖=292501 хдзх░П=1500B чЫоцаЗ=цОецФ╢члп
[   0.516s] ЁЯУд хПСщАБ: хнРц╡Б1 х║ПхП╖=51001 хдзх░П=1500B чЫоцаЗ=цОецФ╢члп
[   0.497s] тЬЕ ACK: хнРц╡Б2 чбошодхП╖=282001 чкЧхПгцЫ┤цЦ░=0B
[   0.517s] ЁЯУд хПСщАБ: хнРц╡Б2 х║ПхП╖=294001 хдзх░П=1500B чЫоцаЗ=цОецФ╢члп
[   0.500s] тЬЕ ACK: хнРц╡Б2 чбошодхП╖=283501 чкЧхПгцЫ┤цЦ░=0B
[   0.520s] ЁЯУд хПСщАБ: хнРц╡Б2 х║ПхП╖=295501 хдзх░П=1500B чЫоцаЗ=цОецФ╢члп
[   0.522s] ЁЯУд хПСщАБ: хнРц╡Б1 х║ПхП╖=52501 хдзх░П=1500B чЫоцаЗ=цОецФ╢члп
[   0.502s] тЬЕ ACK: хнРц╡Б2 чбошодхП╖=285001 чкЧхПгцЫ┤цЦ░=0B
[   0.522s] ЁЯУд хПСщАБ: хнРц╡Б2 х║ПхП╖=297001 хдзх░П=1500B чЫоцаЗ=цОецФ╢члп
[   0.505s] тЬЕ ACK: хнРц╡Б2 чбошодхП╖=286501 чкЧхПгцЫ┤цЦ░=0B
[   0.525s] ЁЯУд хПСщАБ: хнРц╡Б2 х║ПхП╖=298501 хдзх░П=1500B чЫоцаЗ=цОецФ╢члп
[   0.507s] тЬЕ ACK: хнРц╡Б2 чбошодхП╖=288001 чкЧхПгцЫ┤цЦ░=0B
[   0.527s] ЁЯУд хПСщАБ: хнРц╡Б2 х║ПхП╖=300001 хдзх░П=1500B чЫоцаЗ=цОецФ╢члп
[   0.528s] ЁЯУд хПСщАБ: хнРц╡Б1 х║ПхП╖=54001 хдзх░П=1500B чЫоцаЗ=цОецФ╢члп
[   0.510s] тЬЕ ACK: хнРц╡Б2 чбошодхП╖=289501 чкЧхПгцЫ┤цЦ░=0B
[   0.530s] ЁЯУд хПСщАБ: хнРц╡Б2 х║ПхП╖=301501 хдзх░П=1500B чЫоцаЗ=цОецФ╢члп
[   0.512s] тЬЕ ACK: хнРц╡Б2 чбошодхП╖=291001 чкЧхПгцЫ┤цЦ░=0B
[   0.532s] ЁЯУд хПСщАБ: хнРц╡Б2 х║ПхП╖=303001 хдзх░П=1500B чЫоцаЗ=цОецФ╢члп
[   0.534s] ЁЯУд хПСщАБ: хнРц╡Б1 х║ПхП╖=55501 хдзх░П=1500B чЫоцаЗ=цОецФ╢члп
[   0.515s] тЬЕ ACK: хнРц╡Б2 чбошодхП╖=292501 чкЧхПгцЫ┤цЦ░=0B
[   0.535s] ЁЯУд хПСщАБ: хнРц╡Б2 х║ПхП╖=304501 хдзх░П=1500B чЫоцаЗ=цОецФ╢члп
[   0.517s] тЬЕ ACK: хнРц╡Б2 чбошодхП╖=294001 чкЧхПгцЫ┤цЦ░=0B
[   0.537s] ЁЯУд хПСщАБ: хнРц╡Б2 х║ПхП╖=306001 хдзх░П=1500B чЫоцаЗ=цОецФ╢члп
[   0.520s] тЬЕ ACK: хнРц╡Б2 чбошодхП╖=295501 чкЧхПгцЫ┤цЦ░=0B
[   0.540s] ЁЯУд хПСщАБ: хнРц╡Б2 х║ПхП╖=307501 хдзх░П=1500B чЫоцаЗ=цОецФ╢члп
[   0.540s] ЁЯУд хПСщАБ: хнРц╡Б1 х║ПхП╖=57001 хдзх░П=1500B чЫоцаЗ=цОецФ╢члп
[   0.522s] тЬЕ ACK: хнРц╡Б2 чбошодхП╖=297001 чкЧхПгцЫ┤цЦ░=0B
[   0.542s] ЁЯУд хПСщАБ: хнРц╡Б2 х║ПхП╖=309001 хдзх░П=1500B чЫоцаЗ=цОецФ╢члп
[   0.525s] тЬЕ ACK: хнРц╡Б2 чбошодхП╖=298501 чкЧхПгцЫ┤цЦ░=0B
[   0.545s] ЁЯУд хПСщАБ: хнРц╡Б2 х║ПхП╖=310501 хдзх░П=1500B чЫоцаЗ=цОецФ╢члп
[   0.546s] ЁЯУд хПСщАБ: хнРц╡Б1 х║ПхП╖=58501 хдзх░П=1500B чЫоцаЗ=цОецФ╢члп
[   0.527s] тЬЕ ACK: хнРц╡Б2 чбошодхП╖=300001 чкЧхПгцЫ┤цЦ░=0B
[   0.547s] ЁЯУд хПСщАБ: хнРц╡Б2 х║ПхП╖=312001 хдзх░П=1500B чЫоцаЗ=цОецФ╢члп
[   0.530s] тЬЕ ACK: хнРц╡Б2 чбошодхП╖=301501 чкЧхПгцЫ┤цЦ░=0B
[   0.550s] ЁЯУд хПСщАБ: хнРц╡Б2 х║ПхП╖=313501 хдзх░П=1500B чЫоцаЗ=цОецФ╢члп
[   0.552s] ЁЯУд хПСщАБ: хнРц╡Б1 х║ПхП╖=60001 хдзх░П=1500B чЫоцаЗ=цОецФ╢члп
[   0.532s] тЬЕ ACK: хнРц╡Б2 чбошодхП╖=303001 чкЧхПгцЫ┤цЦ░=0B
[   0.552s] ЁЯУд хПСщАБ: хнРц╡Б2 х║ПхП╖=315001 хдзх░П=1500B чЫоцаЗ=цОецФ╢члп
[   0.535s] тЬЕ ACK: хнРц╡Б2 чбошодхП╖=304501 чкЧхПгцЫ┤цЦ░=0B
[   0.555s] ЁЯУд хПСщАБ: хнРц╡Б2 х║ПхП╖=316501 хдзх░П=1500B чЫоцаЗ=цОецФ╢члп
[   0.537s] тЬЕ ACK: хнРц╡Б2 чбошодхП╖=306001 чкЧхПгцЫ┤цЦ░=0B
[   0.557s] ЁЯУд хПСщАБ: хнРц╡Б2 х║ПхП╖=318001 хдзх░П=1500B чЫоцаЗ=цОецФ╢члп
[   0.558s] ЁЯУд хПСщАБ: хнРц╡Б1 х║ПхП╖=61501 хдзх░П=1500B чЫоцаЗ=цОецФ╢члп
[   0.540s] тЬЕ ACK: хнРц╡Б2 чбошодхП╖=307501 чкЧхПгцЫ┤цЦ░=0B
[   0.560s] ЁЯУд хПСщАБ: хнРц╡Б2 х║ПхП╖=319501 хдзх░П=1500B чЫоцаЗ=цОецФ╢члп
[   0.542s] тЬЕ ACK: хнРц╡Б2 чбошодхП╖=309001 чкЧхПгцЫ┤цЦ░=0B
[   0.545s] тЬЕ ACK: хнРц╡Б2 чбошодхП╖=310501 чкЧхПгцЫ┤цЦ░=0B
[   0.547s] тЬЕ ACK: хнРц╡Б2 чбошодхП╖=312001 чкЧхПгцЫ┤цЦ░=0B
[   0.550s] тЬЕ ACK: хнРц╡Б2 чбошодхП╖=313501 чкЧхПгцЫ┤цЦ░=0B
[   0.486s] тЬЕ ACK: хнРц╡Б1 чбошодхП╖=42001 чкЧхПгцЫ┤цЦ░=0B
[   0.552s] тЬЕ ACK: хнРц╡Б2 чбошодхП╖=315001 чкЧхПгцЫ┤цЦ░=0B
[   0.555s] тЬЕ ACK: хнРц╡Б2 чбошодхП╖=316501 чкЧхПгцЫ┤цЦ░=0B
[   0.492s] тЬЕ ACK: хнРц╡Б1 чбошодхП╖=43501 чкЧхПгцЫ┤цЦ░=0B
[   0.557s] тЬЕ ACK: хнРц╡Б2 чбошодхП╖=318001 чкЧхПгцЫ┤цЦ░=0B
[   0.560s] тЬЕ ACK: хнРц╡Б2 чбошодхП╖=319501 чкЧхПгцЫ┤цЦ░=0B
[   0.492s] тЬЕ ACK: хнРц╡Б1 чбошодхП╖=45001 чкЧхПгцЫ┤цЦ░=0B
[   0.498s] тЬЕ ACK: хнРц╡Б1 чбошодхП╖=46501 чкЧхПгцЫ┤цЦ░=0B
[   0.504s] тЬЕ ACK: хнРц╡Б1 чбошодхП╖=48001 чкЧхПгцЫ┤цЦ░=0B
[   0.510s] тЬЕ ACK: хнРц╡Б1 чбошодхП╖=49501 чкЧхПгцЫ┤цЦ░=0B
[   0.516s] тЬЕ ACK: хнРц╡Б1 чбошодхП╖=51001 чкЧхПгцЫ┤цЦ░=0B
[   0.522s] тЬЕ ACK: хнРц╡Б1 чбошодхП╖=52501 чкЧхПгцЫ┤цЦ░=0B
[   0.528s] тЬЕ ACK: хнРц╡Б1 чбошодхП╖=54001 чкЧхПгцЫ┤цЦ░=0B
[   0.534s] тЬЕ ACK: хнРц╡Б1 чбошодхП╖=55501 чкЧхПгцЫ┤цЦ░=0B
[   0.540s] тЬЕ ACK: хнРц╡Б1 чбошодхП╖=57001 чкЧхПгцЫ┤цЦ░=0B
[   0.546s] тЬЕ ACK: хнРц╡Б1 чбошодхП╖=58501 чкЧхПгцЫ┤цЦ░=0B
[   0.552s] тЬЕ ACK: хнРц╡Б1 чбошодхП╖=60001 чкЧхПгцЫ┤цЦ░=0B
[   0.558s] тЬЕ ACK: хнРц╡Б1 чбошодхП╖=61501 чкЧхПгцЫ┤цЦ░=0B

[   1.000s] ч╜Сч╗ЬчК╢цАБх┐лчЕз
----------------------------------------------------------------------------------------------------
ш╖пх╛Д1 (3Gч╜Сч╗Ь - 150ms RTT):
  хПСщАБчлп: cwnd=27.2KB ssthresh=24.3KB х╖▓хПСщАБ=26хМЕ
  цХ░цНоц╡Б: ц║Р тЖТ[PQueue: тЦСтЦСтЦСтЦСтЦСтЦСтЦСтЦСтЦСтЦС]тЖТ[Queue: тЦСтЦСтЦСтЦСтЦСтЦСтЦСтЦСтЦСтЦСтЦСтЦСтЦСтЦСтЦСтЦСтЦСтЦСтЦСтЦС]тЖТ[Pipe: чй║щЧ▓ RTT=150ms] тЖТ цОецФ╢члп
  ACKш┐ФхЫЮ: цОецФ╢члп тЖР [х╖▓хПСщАБACK=42, х╖▓чбошодхнЧшКВ=0B] тЖР ц║Р

ш╖пх╛Д2 (WiFiч╜Сч╗Ь - 10ms RTT):
  хПСщАБчлп: cwnd=15.9KB ssthresh=3.9KB х╖▓хПСщАБ=205хМЕ
  цХ░цНоц╡Б: ц║Р тЖТ[PQueue: тЦСтЦСтЦСтЦСтЦСтЦСтЦСтЦСтЦСтЦС]тЖТ[Queue: тЦСтЦСтЦСтЦСтЦСтЦСтЦСтЦСтЦСтЦСтЦСтЦСтЦСтЦСтЦСтЦСтЦСтЦСтЦСтЦС]тЖТ[Pipe: чй║щЧ▓ RTT=10ms] тЖТ цОецФ╢члп
  ACKш┐ФхЫЮ: цОецФ╢члп тЖР [х╖▓хПСщАБACK=214, х╖▓чбошодхнЧшКВ=0B] тЖР ц║Р

хоЮцЧ╢цАзшГ╜цМЗцаЗ:
  цА╗хПСщАБ: 372.1KB | цА╗чбошод: 0B | хЬищАФцХ░цНо: 372.1KB
  ш╖пх╛ДхИЖщЕН: 3G=16.1% WiFi=83.9%
----------------------------------------------------------------------------------------------------

[   2.000s] ч╜Сч╗ЬчК╢цАБх┐лчЕз
----------------------------------------------------------------------------------------------------
ш╖пх╛Д1 (3Gч╜Сч╗Ь - 150ms RTT):
  хПСщАБчлп: cwnd=27.2KB ssthresh=24.3KB х╖▓хПСщАБ=26хМЕ
  цХ░цНоц╡Б: ц║Р тЖТ[PQueue: тЦСтЦСтЦСтЦСтЦСтЦСтЦСтЦСтЦСтЦС]тЖТ[Queue: тЦСтЦСтЦСтЦСтЦСтЦСтЦСтЦСтЦСтЦСтЦСтЦСтЦСтЦСтЦСтЦСтЦСтЦСтЦСтЦС]тЖТ[Pipe: чй║щЧ▓ RTT=150ms] тЖТ цОецФ╢члп
  ACKш┐ФхЫЮ: цОецФ╢члп тЖР [х╖▓хПСщАБACK=42, х╖▓чбошодхнЧшКВ=0B] тЖР ц║Р

ш╖пх╛Д2 (WiFiч╜Сч╗Ь - 10ms RTT):
  хПСщАБчлп: cwnd=15.9KB ssthresh=3.9KB х╖▓хПСщАБ=205хМЕ
  цХ░цНоц╡Б: ц║Р тЖТ[PQueue: тЦСтЦСтЦСтЦСтЦСтЦСтЦСтЦСтЦСтЦС]тЖТ[Queue: тЦСтЦСтЦСтЦСтЦСтЦСтЦСтЦСтЦСтЦСтЦСтЦСтЦСтЦСтЦСтЦСтЦСтЦСтЦСтЦС]тЖТ[Pipe: чй║щЧ▓ RTT=10ms] тЖТ цОецФ╢члп
  ACKш┐ФхЫЮ: цОецФ╢члп тЖР [х╖▓хПСщАБACK=214, х╖▓чбошодхнЧшКВ=0B] тЖР ц║Р

хоЮцЧ╢цАзшГ╜цМЗцаЗ:
  цА╗хПСщАБ: 372.1KB | цА╗чбошод: 0B | хЬищАФцХ░цНо: 372.1KB
  ш╖пх╛ДхИЖщЕН: 3G=16.1% WiFi=83.9%
----------------------------------------------------------------------------------------------------

[   3.000s] ч╜Сч╗ЬчК╢цАБх┐лчЕз
----------------------------------------------------------------------------------------------------
ш╖пх╛Д1 (3Gч╜Сч╗Ь - 150ms RTT):
  хПСщАБчлп: cwnd=27.2KB ssthresh=24.3KB х╖▓хПСщАБ=26хМЕ
  цХ░цНоц╡Б: ц║Р тЖТ[PQueue: тЦСтЦСтЦСтЦСтЦСтЦСтЦСтЦСтЦСтЦС]тЖТ[Queue: тЦСтЦСтЦСтЦСтЦСтЦСтЦСтЦСтЦСтЦСтЦСтЦСтЦСтЦСтЦСтЦСтЦСтЦСтЦСтЦС]тЖТ[Pipe: чй║щЧ▓ RTT=150ms] тЖТ цОецФ╢члп
  ACKш┐ФхЫЮ: цОецФ╢члп тЖР [х╖▓хПСщАБACK=42, х╖▓чбошодхнЧшКВ=0B] тЖР ц║Р

ш╖пх╛Д2 (WiFiч╜Сч╗Ь - 10ms RTT):
  хПСщАБчлп: cwnd=15.9KB ssthresh=3.9KB х╖▓хПСщАБ=205хМЕ
  цХ░цНоц╡Б: ц║Р тЖТ[PQueue: тЦСтЦСтЦСтЦСтЦСтЦСтЦСтЦСтЦСтЦС]тЖТ[Queue: тЦСтЦСтЦСтЦСтЦСтЦСтЦСтЦСтЦСтЦСтЦСтЦСтЦСтЦСтЦСтЦСтЦСтЦСтЦСтЦС]тЖТ[Pipe: чй║щЧ▓ RTT=10ms] тЖТ цОецФ╢члп
  ACKш┐ФхЫЮ: цОецФ╢члп тЖР [х╖▓хПСщАБACK=214, х╖▓чбошодхнЧшКВ=0B] тЖР ц║Р

хоЮцЧ╢цАзшГ╜цМЗцаЗ:
  цА╗хПСщАБ: 372.1KB | цА╗чбошод: 0B | хЬищАФцХ░цНо: 372.1KB
  ш╖пх╛ДхИЖщЕН: 3G=16.1% WiFi=83.9%
----------------------------------------------------------------------------------------------------

[   4.000s] ч╜Сч╗ЬчК╢цАБх┐лчЕз
----------------------------------------------------------------------------------------------------
ш╖пх╛Д1 (3Gч╜Сч╗Ь - 150ms RTT):
  хПСщАБчлп: cwnd=27.2KB ssthresh=24.3KB х╖▓хПСщАБ=26хМЕ
  цХ░цНоц╡Б: ц║Р тЖТ[PQueue: тЦСтЦСтЦСтЦСтЦСтЦСтЦСтЦСтЦСтЦС]тЖТ[Queue: тЦСтЦСтЦСтЦСтЦСтЦСтЦСтЦСтЦСтЦСтЦСтЦСтЦСтЦСтЦСтЦСтЦСтЦСтЦСтЦС]тЖТ[Pipe: чй║щЧ▓ RTT=150ms] тЖТ цОецФ╢члп
  ACKш┐ФхЫЮ: цОецФ╢члп тЖР [х╖▓хПСщАБACK=42, х╖▓чбошодхнЧшКВ=0B] тЖР ц║Р

ш╖пх╛Д2 (WiFiч╜Сч╗Ь - 10ms RTT):
  хПСщАБчлп: cwnd=15.9KB ssthresh=3.9KB х╖▓хПСщАБ=205хМЕ
  цХ░цНоц╡Б: ц║Р тЖТ[PQueue: тЦСтЦСтЦСтЦСтЦСтЦСтЦСтЦСтЦСтЦС]тЖТ[Queue: тЦСтЦСтЦСтЦСтЦСтЦСтЦСтЦСтЦСтЦСтЦСтЦСтЦСтЦСтЦСтЦСтЦСтЦСтЦСтЦС]тЖТ[Pipe: чй║щЧ▓ RTT=10ms] тЖТ цОецФ╢члп
  ACKш┐ФхЫЮ: цОецФ╢члп тЖР [х╖▓хПСщАБACK=214, х╖▓чбошодхнЧшКВ=0B] тЖР ц║Р

хоЮцЧ╢цАзшГ╜цМЗцаЗ:
  цА╗хПСщАБ: 372.1KB | цА╗чбошод: 0B | хЬищАФцХ░цНо: 372.1KB
  ш╖пх╛ДхИЖщЕН: 3G=16.1% WiFi=83.9%
----------------------------------------------------------------------------------------------------

[   5.000s] ч╜Сч╗ЬчК╢цАБх┐лчЕз
----------------------------------------------------------------------------------------------------
ш╖пх╛Д1 (3Gч╜Сч╗Ь - 150ms RTT):
  хПСщАБчлп: cwnd=27.2KB ssthresh=24.3KB х╖▓хПСщАБ=26хМЕ
  цХ░цНоц╡Б: ц║Р тЖТ[PQueue: тЦСтЦСтЦСтЦСтЦСтЦСтЦСтЦСтЦСтЦС]тЖТ[Queue: тЦСтЦСтЦСтЦСтЦСтЦСтЦСтЦСтЦСтЦСтЦСтЦСтЦСтЦСтЦСтЦСтЦСтЦСтЦСтЦС]тЖТ[Pipe: чй║щЧ▓ RTT=150ms] тЖТ цОецФ╢члп
  ACKш┐ФхЫЮ: цОецФ╢члп тЖР [х╖▓хПСщАБACK=42, х╖▓чбошодхнЧшКВ=0B] тЖР ц║Р

ш╖пх╛Д2 (WiFiч╜Сч╗Ь - 10ms RTT):
  хПСщАБчлп: cwnd=15.9KB ssthresh=3.9KB х╖▓хПСщАБ=205хМЕ
  цХ░цНоц╡Б: ц║Р тЖТ[PQueue: тЦСтЦСтЦСтЦСтЦСтЦСтЦСтЦСтЦСтЦС]тЖТ[Queue: тЦСтЦСтЦСтЦСтЦСтЦСтЦСтЦСтЦСтЦСтЦСтЦСтЦСтЦСтЦСтЦСтЦСтЦСтЦСтЦС]тЖТ[Pipe: чй║щЧ▓ RTT=10ms] тЖТ цОецФ╢члп
  ACKш┐ФхЫЮ: цОецФ╢члп тЖР [х╖▓хПСщАБACK=214, х╖▓чбошодхнЧшКВ=0B] тЖР ц║Р

хоЮцЧ╢цАзшГ╜цМЗцаЗ:
  цА╗хПСщАБ: 372.1KB | цА╗чбошод: 0B | хЬищАФцХ░цНо: 372.1KB
  ш╖пх╛ДхИЖщЕН: 3G=16.1% WiFi=83.9%
----------------------------------------------------------------------------------------------------

[   6.000s] ч╜Сч╗ЬчК╢цАБх┐лчЕз
----------------------------------------------------------------------------------------------------
ш╖пх╛Д1 (3Gч╜Сч╗Ь - 150ms RTT):
  хПСщАБчлп: cwnd=27.2KB ssthresh=24.3KB х╖▓хПСщАБ=26хМЕ
  цХ░цНоц╡Б: ц║Р тЖТ[PQueue: тЦСтЦСтЦСтЦСтЦСтЦСтЦСтЦСтЦСтЦС]тЖТ[Queue: тЦСтЦСтЦСтЦСтЦСтЦСтЦСтЦСтЦСтЦСтЦСтЦСтЦСтЦСтЦСтЦСтЦСтЦСтЦСтЦС]тЖТ[Pipe: чй║щЧ▓ RTT=150ms] тЖТ цОецФ╢члп
  ACKш┐ФхЫЮ: цОецФ╢члп тЖР [х╖▓хПСщАБACK=42, х╖▓чбошодхнЧшКВ=0B] тЖР ц║Р

ш╖пх╛Д2 (WiFiч╜Сч╗Ь - 10ms RTT):
  хПСщАБчлп: cwnd=15.9KB ssthresh=3.9KB х╖▓хПСщАБ=205хМЕ
  цХ░цНоц╡Б: ц║Р тЖТ[PQueue: тЦСтЦСтЦСтЦСтЦСтЦСтЦСтЦСтЦСтЦС]тЖТ[Queue: тЦСтЦСтЦСтЦСтЦСтЦСтЦСтЦСтЦСтЦСтЦСтЦСтЦСтЦСтЦСтЦСтЦСтЦСтЦСтЦС]тЖТ[Pipe: чй║щЧ▓ RTT=10ms] тЖТ цОецФ╢члп
  ACKш┐ФхЫЮ: цОецФ╢члп тЖР [х╖▓хПСщАБACK=214, х╖▓чбошодхнЧшКВ=0B] тЖР ц║Р

хоЮцЧ╢цАзшГ╜цМЗцаЗ:
  цА╗хПСщАБ: 372.1KB | цА╗чбошод: 0B | хЬищАФцХ░цНо: 372.1KB
  ш╖пх╛ДхИЖщЕН: 3G=16.1% WiFi=83.9%
----------------------------------------------------------------------------------------------------

[   7.000s] ч╜Сч╗ЬчК╢цАБх┐лчЕз
----------------------------------------------------------------------------------------------------
ш╖пх╛Д1 (3Gч╜Сч╗Ь - 150ms RTT):
  хПСщАБчлп: cwnd=27.2KB ssthresh=24.3KB х╖▓хПСщАБ=26хМЕ
  цХ░цНоц╡Б: ц║Р тЖТ[PQueue: тЦСтЦСтЦСтЦСтЦСтЦСтЦСтЦСтЦСтЦС]тЖТ[Queue: тЦСтЦСтЦСтЦСтЦСтЦСтЦСтЦСтЦСтЦСтЦСтЦСтЦСтЦСтЦСтЦСтЦСтЦСтЦСтЦС]тЖТ[Pipe: чй║щЧ▓ RTT=150ms] тЖТ цОецФ╢члп
  ACKш┐ФхЫЮ: цОецФ╢члп тЖР [х╖▓хПСщАБACK=42, х╖▓чбошодхнЧшКВ=0B] тЖР ц║Р

ш╖пх╛Д2 (WiFiч╜Сч╗Ь - 10ms RTT):
  хПСщАБчлп: cwnd=15.9KB ssthresh=3.9KB х╖▓хПСщАБ=205хМЕ
  цХ░цНоц╡Б: ц║Р тЖТ[PQueue: тЦСтЦСтЦСтЦСтЦСтЦСтЦСтЦСтЦСтЦС]тЖТ[Queue: тЦСтЦСтЦСтЦСтЦСтЦСтЦСтЦСтЦСтЦСтЦСтЦСтЦСтЦСтЦСтЦСтЦСтЦСтЦСтЦС]тЖТ[Pipe: чй║щЧ▓ RTT=10ms] тЖТ цОецФ╢члп
  ACKш┐ФхЫЮ: цОецФ╢члп тЖР [х╖▓хПСщАБACK=214, х╖▓чбошодхнЧшКВ=0B] тЖР ц║Р

хоЮцЧ╢цАзшГ╜цМЗцаЗ:
  цА╗хПСщАБ: 372.1KB | цА╗чбошод: 0B | хЬищАФцХ░цНо: 372.1KB
  ш╖пх╛ДхИЖщЕН: 3G=16.1% WiFi=83.9%
----------------------------------------------------------------------------------------------------

[   8.000s] ч╜Сч╗ЬчК╢цАБх┐лчЕз
----------------------------------------------------------------------------------------------------
ш╖пх╛Д1 (3Gч╜Сч╗Ь - 150ms RTT):
  хПСщАБчлп: cwnd=27.2KB ssthresh=24.3KB х╖▓хПСщАБ=26хМЕ
  цХ░цНоц╡Б: ц║Р тЖТ[PQueue: тЦСтЦСтЦСтЦСтЦСтЦСтЦСтЦСтЦСтЦС]тЖТ[Queue: тЦСтЦСтЦСтЦСтЦСтЦСтЦСтЦСтЦСтЦСтЦСтЦСтЦСтЦСтЦСтЦСтЦСтЦСтЦСтЦС]тЖТ[Pipe: чй║щЧ▓ RTT=150ms] тЖТ цОецФ╢члп
  ACKш┐ФхЫЮ: цОецФ╢члп тЖР [х╖▓хПСщАБACK=42, х╖▓чбошодхнЧшКВ=0B] тЖР ц║Р

ш╖пх╛Д2 (WiFiч╜Сч╗Ь - 10ms RTT):
  хПСщАБчлп: cwnd=15.9KB ssthresh=3.9KB х╖▓хПСщАБ=205хМЕ
  цХ░цНоц╡Б: ц║Р тЖТ[PQueue: тЦСтЦСтЦСтЦСтЦСтЦСтЦСтЦСтЦСтЦС]тЖТ[Queue: тЦСтЦСтЦСтЦСтЦСтЦСтЦСтЦСтЦСтЦСтЦСтЦСтЦСтЦСтЦСтЦСтЦСтЦСтЦСтЦС]тЖТ[Pipe: чй║щЧ▓ RTT=10ms] тЖТ цОецФ╢члп
  ACKш┐ФхЫЮ: цОецФ╢члп тЖР [х╖▓хПСщАБACK=214, х╖▓чбошодхнЧшКВ=0B] тЖР ц║Р

хоЮцЧ╢цАзшГ╜цМЗцаЗ:
  цА╗хПСщАБ: 372.1KB | цА╗чбошод: 0B | хЬищАФцХ░цНо: 372.1KB
  ш╖пх╛ДхИЖщЕН: 3G=16.1% WiFi=83.9%
----------------------------------------------------------------------------------------------------

[   9.000s] ч╜Сч╗ЬчК╢цАБх┐лчЕз
----------------------------------------------------------------------------------------------------
ш╖пх╛Д1 (3Gч╜Сч╗Ь - 150ms RTT):
  хПСщАБчлп: cwnd=27.2KB ssthresh=24.3KB х╖▓хПСщАБ=26хМЕ
  цХ░цНоц╡Б: ц║Р тЖТ[PQueue: тЦСтЦСтЦСтЦСтЦСтЦСтЦСтЦСтЦСтЦС]тЖТ[Queue: тЦСтЦСтЦСтЦСтЦСтЦСтЦСтЦСтЦСтЦСтЦСтЦСтЦСтЦСтЦСтЦСтЦСтЦСтЦСтЦС]тЖТ[Pipe: чй║щЧ▓ RTT=150ms] тЖТ цОецФ╢члп
  ACKш┐ФхЫЮ: цОецФ╢члп тЖР [х╖▓хПСщАБACK=42, х╖▓чбошодхнЧшКВ=0B] тЖР ц║Р

ш╖пх╛Д2 (WiFiч╜Сч╗Ь - 10ms RTT):
  хПСщАБчлп: cwnd=15.9KB ssthresh=3.9KB х╖▓хПСщАБ=205хМЕ
  цХ░цНоц╡Б: ц║Р тЖТ[PQueue: тЦСтЦСтЦСтЦСтЦСтЦСтЦСтЦСтЦСтЦС]тЖТ[Queue: тЦСтЦСтЦСтЦСтЦСтЦСтЦСтЦСтЦСтЦСтЦСтЦСтЦСтЦСтЦСтЦСтЦСтЦСтЦСтЦС]тЖТ[Pipe: чй║щЧ▓ RTT=10ms] тЖТ цОецФ╢члп
  ACKш┐ФхЫЮ: цОецФ╢члп тЖР [х╖▓хПСщАБACK=214, х╖▓чбошодхнЧшКВ=0B] тЖР ц║Р

хоЮцЧ╢цАзшГ╜цМЗцаЗ:
  цА╗хПСщАБ: 372.1KB | цА╗чбошод: 0B | хЬищАФцХ░цНо: 372.1KB
  ш╖пх╛ДхИЖщЕН: 3G=16.1% WiFi=83.9%
----------------------------------------------------------------------------------------------------

[  10.000s] ч╜Сч╗ЬчК╢цАБх┐лчЕз
----------------------------------------------------------------------------------------------------
ш╖пх╛Д1 (3Gч╜Сч╗Ь - 150ms RTT):
  хПСщАБчлп: cwnd=27.2KB ssthresh=24.3KB х╖▓хПСщАБ=26хМЕ
  цХ░цНоц╡Б: ц║Р тЖТ[PQueue: тЦСтЦСтЦСтЦСтЦСтЦСтЦСтЦСтЦСтЦС]тЖТ[Queue: тЦСтЦСтЦСтЦСтЦСтЦСтЦСтЦСтЦСтЦСтЦСтЦСтЦСтЦСтЦСтЦСтЦСтЦСтЦСтЦС]тЖТ[Pipe: чй║щЧ▓ RTT=150ms] тЖТ цОецФ╢члп
  ACKш┐ФхЫЮ: цОецФ╢члп тЖР [х╖▓хПСщАБACK=42, х╖▓чбошодхнЧшКВ=0B] тЖР ц║Р

ш╖пх╛Д2 (WiFiч╜Сч╗Ь - 10ms RTT):
  хПСщАБчлп: cwnd=15.9KB ssthresh=3.9KB х╖▓хПСщАБ=205хМЕ
  цХ░цНоц╡Б: ц║Р тЖТ[PQueue: тЦСтЦСтЦСтЦСтЦСтЦСтЦСтЦСтЦСтЦС]тЖТ[Queue: тЦСтЦСтЦСтЦСтЦСтЦСтЦСтЦСтЦСтЦСтЦСтЦСтЦСтЦСтЦСтЦСтЦСтЦСтЦСтЦС]тЖТ[Pipe: чй║щЧ▓ RTT=10ms] тЖТ цОецФ╢члп
  ACKш┐ФхЫЮ: цОецФ╢члп тЖР [х╖▓хПСщАБACK=214, х╖▓чбошодхнЧшКВ=0B] тЖР ц║Р

хоЮцЧ╢цАзшГ╜цМЗцаЗ:
  цА╗хПСщАБ: 372.1KB | цА╗чбошод: 0B | хЬищАФцХ░цНо: 372.1KB
  ш╖пх╛ДхИЖщЕН: 3G=16.1% WiFi=83.9%
----------------------------------------------------------------------------------------------------

[  11.000s] ч╜Сч╗ЬчК╢цАБх┐лчЕз
----------------------------------------------------------------------------------------------------
ш╖пх╛Д1 (3Gч╜Сч╗Ь - 150ms RTT):
  хПСщАБчлп: cwnd=27.2KB ssthresh=24.3KB х╖▓хПСщАБ=26хМЕ
  цХ░цНоц╡Б: ц║Р тЖТ[PQueue: тЦСтЦСтЦСтЦСтЦСтЦСтЦСтЦСтЦСтЦС]тЖТ[Queue: тЦСтЦСтЦСтЦСтЦСтЦСтЦСтЦСтЦСтЦСтЦСтЦСтЦСтЦСтЦСтЦСтЦСтЦСтЦСтЦС]тЖТ[Pipe: чй║щЧ▓ RTT=150ms] тЖТ цОецФ╢члп
  ACKш┐ФхЫЮ: цОецФ╢члп тЖР [х╖▓хПСщАБACK=42, х╖▓чбошодхнЧшКВ=0B] тЖР ц║Р

ш╖пх╛Д2 (WiFiч╜Сч╗Ь - 10ms RTT):
  хПСщАБчлп: cwnd=15.9KB ssthresh=3.9KB х╖▓хПСщАБ=205хМЕ
  цХ░цНоц╡Б: ц║Р тЖТ[PQueue: тЦСтЦСтЦСтЦСтЦСтЦСтЦСтЦСтЦСтЦС]тЖТ[Queue: тЦСтЦСтЦСтЦСтЦСтЦСтЦСтЦСтЦСтЦСтЦСтЦСтЦСтЦСтЦСтЦСтЦСтЦСтЦСтЦС]тЖТ[Pipe: чй║щЧ▓ RTT=10ms] тЖТ цОецФ╢члп
  ACKш┐ФхЫЮ: цОецФ╢члп тЖР [х╖▓хПСщАБACK=214, х╖▓чбошодхнЧшКВ=0B] тЖР ц║Р

хоЮцЧ╢цАзшГ╜цМЗцаЗ:
  цА╗хПСщАБ: 372.1KB | цА╗чбошод: 0B | хЬищАФцХ░цНо: 372.1KB
  ш╖пх╛ДхИЖщЕН: 3G=16.1% WiFi=83.9%
----------------------------------------------------------------------------------------------------

[  12.000s] ч╜Сч╗ЬчК╢цАБх┐лчЕз
----------------------------------------------------------------------------------------------------
ш╖пх╛Д1 (3Gч╜Сч╗Ь - 150ms RTT):
  хПСщАБчлп: cwnd=27.2KB ssthresh=24.3KB х╖▓хПСщАБ=26хМЕ
  цХ░цНоц╡Б: ц║Р тЖТ[PQueue: тЦСтЦСтЦСтЦСтЦСтЦСтЦСтЦСтЦСтЦС]тЖТ[Queue: тЦСтЦСтЦСтЦСтЦСтЦСтЦСтЦСтЦСтЦСтЦСтЦСтЦСтЦСтЦСтЦСтЦСтЦСтЦСтЦС]тЖТ[Pipe: чй║щЧ▓ RTT=150ms] тЖТ цОецФ╢члп
  ACKш┐ФхЫЮ: цОецФ╢члп тЖР [х╖▓хПСщАБACK=42, х╖▓чбошодхнЧшКВ=0B] тЖР ц║Р

ш╖пх╛Д2 (WiFiч╜Сч╗Ь - 10ms RTT):
  хПСщАБчлп: cwnd=15.9KB ssthresh=3.9KB х╖▓хПСщАБ=205хМЕ
  цХ░цНоц╡Б: ц║Р тЖТ[PQueue: тЦСтЦСтЦСтЦСтЦСтЦСтЦСтЦСтЦСтЦС]тЖТ[Queue: тЦСтЦСтЦСтЦСтЦСтЦСтЦСтЦСтЦСтЦСтЦСтЦСтЦСтЦСтЦСтЦСтЦСтЦСтЦСтЦС]тЖТ[Pipe: чй║щЧ▓ RTT=10ms] тЖТ цОецФ╢члп
  ACKш┐ФхЫЮ: цОецФ╢члп тЖР [х╖▓хПСщАБACK=214, х╖▓чбошодхнЧшКВ=0B] тЖР ц║Р

хоЮцЧ╢цАзшГ╜цМЗцаЗ:
  цА╗хПСщАБ: 372.1KB | цА╗чбошод: 0B | хЬищАФцХ░цНо: 372.1KB
  ш╖пх╛ДхИЖщЕН: 3G=16.1% WiFi=83.9%
----------------------------------------------------------------------------------------------------

[  13.000s] ч╜Сч╗ЬчК╢цАБх┐лчЕз
----------------------------------------------------------------------------------------------------
ш╖пх╛Д1 (3Gч╜Сч╗Ь - 150ms RTT):
  хПСщАБчлп: cwnd=27.2KB ssthresh=24.3KB х╖▓хПСщАБ=26хМЕ
  цХ░цНоц╡Б: ц║Р тЖТ[PQueue: тЦСтЦСтЦСтЦСтЦСтЦСтЦСтЦСтЦСтЦС]тЖТ[Queue: тЦСтЦСтЦСтЦСтЦСтЦСтЦСтЦСтЦСтЦСтЦСтЦСтЦСтЦСтЦСтЦСтЦСтЦСтЦСтЦС]тЖТ[Pipe: чй║щЧ▓ RTT=150ms] тЖТ цОецФ╢члп
  ACKш┐ФхЫЮ: цОецФ╢члп тЖР [х╖▓хПСщАБACK=42, х╖▓чбошодхнЧшКВ=0B] тЖР ц║Р

ш╖пх╛Д2 (WiFiч╜Сч╗Ь - 10ms RTT):
  хПСщАБчлп: cwnd=15.9KB ssthresh=3.9KB х╖▓хПСщАБ=205хМЕ
  цХ░цНоц╡Б: ц║Р тЖТ[PQueue: тЦСтЦСтЦСтЦСтЦСтЦСтЦСтЦСтЦСтЦС]тЖТ[Queue: тЦСтЦСтЦСтЦСтЦСтЦСтЦСтЦСтЦСтЦСтЦСтЦСтЦСтЦСтЦСтЦСтЦСтЦСтЦСтЦС]тЖТ[Pipe: чй║щЧ▓ RTT=10ms] тЖТ цОецФ╢члп
  ACKш┐ФхЫЮ: цОецФ╢члп тЖР [х╖▓хПСщАБACK=214, х╖▓чбошодхнЧшКВ=0B] тЖР ц║Р

хоЮцЧ╢цАзшГ╜цМЗцаЗ:
  цА╗хПСщАБ: 372.1KB | цА╗чбошод: 0B | хЬищАФцХ░цНо: 372.1KB
  ш╖пх╛ДхИЖщЕН: 3G=16.1% WiFi=83.9%
----------------------------------------------------------------------------------------------------

[  14.000s] ч╜Сч╗ЬчК╢цАБх┐лчЕз
----------------------------------------------------------------------------------------------------
ш╖пх╛Д1 (3Gч╜Сч╗Ь - 150ms RTT):
  хПСщАБчлп: cwnd=27.2KB ssthresh=24.3KB х╖▓хПСщАБ=26хМЕ
  цХ░цНоц╡Б: ц║Р тЖТ[PQueue: тЦСтЦСтЦСтЦСтЦСтЦСтЦСтЦСтЦСтЦС]тЖТ[Queue: тЦСтЦСтЦСтЦСтЦСтЦСтЦСтЦСтЦСтЦСтЦСтЦСтЦСтЦСтЦСтЦСтЦСтЦСтЦСтЦС]тЖТ[Pipe: чй║щЧ▓ RTT=150ms] тЖТ цОецФ╢члп
  ACKш┐ФхЫЮ: цОецФ╢члп тЖР [х╖▓хПСщАБACK=42, х╖▓чбошодхнЧшКВ=0B] тЖР ц║Р

ш╖пх╛Д2 (WiFiч╜Сч╗Ь - 10ms RTT):
  хПСщАБчлп: cwnd=15.9KB ssthresh=3.9KB х╖▓хПСщАБ=205хМЕ
  цХ░цНоц╡Б: ц║Р тЖТ[PQueue: тЦСтЦСтЦСтЦСтЦСтЦСтЦСтЦСтЦСтЦС]тЖТ[Queue: тЦСтЦСтЦСтЦСтЦСтЦСтЦСтЦСтЦСтЦСтЦСтЦСтЦСтЦСтЦСтЦСтЦСтЦСтЦСтЦС]тЖТ[Pipe: чй║щЧ▓ RTT=10ms] тЖТ цОецФ╢члп
  ACKш┐ФхЫЮ: цОецФ╢члп тЖР [х╖▓хПСщАБACK=214, х╖▓чбошодхнЧшКВ=0B] тЖР ц║Р

хоЮцЧ╢цАзшГ╜цМЗцаЗ:
  цА╗хПСщАБ: 372.1KB | цА╗чбошод: 0B | хЬищАФцХ░цНо: 372.1KB
  ш╖пх╛ДхИЖщЕН: 3G=16.1% WiFi=83.9%
----------------------------------------------------------------------------------------------------

[  15.000s] ч╜Сч╗ЬчК╢цАБх┐лчЕз
----------------------------------------------------------------------------------------------------
ш╖пх╛Д1 (3Gч╜Сч╗Ь - 150ms RTT):
  хПСщАБчлп: cwnd=27.2KB ssthresh=24.3KB х╖▓хПСщАБ=26хМЕ
  цХ░цНоц╡Б: ц║Р тЖТ[PQueue: тЦСтЦСтЦСтЦСтЦСтЦСтЦСтЦСтЦСтЦС]тЖТ[Queue: тЦСтЦСтЦСтЦСтЦСтЦСтЦСтЦСтЦСтЦСтЦСтЦСтЦСтЦСтЦСтЦСтЦСтЦСтЦСтЦС]тЖТ[Pipe: чй║щЧ▓ RTT=150ms] тЖТ цОецФ╢члп
  ACKш┐ФхЫЮ: цОецФ╢члп тЖР [х╖▓хПСщАБACK=42, х╖▓чбошодхнЧшКВ=0B] тЖР ц║Р

ш╖пх╛Д2 (WiFiч╜Сч╗Ь - 10ms RTT):
  хПСщАБчлп: cwnd=15.9KB ssthresh=3.9KB х╖▓хПСщАБ=205хМЕ
  цХ░цНоц╡Б: ц║Р тЖТ[PQueue: тЦСтЦСтЦСтЦСтЦСтЦСтЦСтЦСтЦСтЦС]тЖТ[Queue: тЦСтЦСтЦСтЦСтЦСтЦСтЦСтЦСтЦСтЦСтЦСтЦСтЦСтЦСтЦСтЦСтЦСтЦСтЦСтЦС]тЖТ[Pipe: чй║щЧ▓ RTT=10ms] тЖТ цОецФ╢члп
  ACKш┐ФхЫЮ: цОецФ╢члп тЖР [х╖▓хПСщАБACK=214, х╖▓чбошодхнЧшКВ=0B] тЖР ц║Р

хоЮцЧ╢цАзшГ╜цМЗцаЗ:
  цА╗хПСщАБ: 372.1KB | цА╗чбошод: 0B | хЬищАФцХ░цНо: 372.1KB
  ш╖пх╛ДхИЖщЕН: 3G=16.1% WiFi=83.9%
----------------------------------------------------------------------------------------------------

[  16.000s] ч╜Сч╗ЬчК╢цАБх┐лчЕз
----------------------------------------------------------------------------------------------------
ш╖пх╛Д1 (3Gч╜Сч╗Ь - 150ms RTT):
  хПСщАБчлп: cwnd=27.2KB ssthresh=24.3KB х╖▓хПСщАБ=26хМЕ
  цХ░цНоц╡Б: ц║Р тЖТ[PQueue: тЦСтЦСтЦСтЦСтЦСтЦСтЦСтЦСтЦСтЦС]тЖТ[Queue: тЦСтЦСтЦСтЦСтЦСтЦСтЦСтЦСтЦСтЦСтЦСтЦСтЦСтЦСтЦСтЦСтЦСтЦСтЦСтЦС]тЖТ[Pipe: чй║щЧ▓ RTT=150ms] тЖТ цОецФ╢члп
  ACKш┐ФхЫЮ: цОецФ╢члп тЖР [х╖▓хПСщАБACK=42, х╖▓чбошодхнЧшКВ=0B] тЖР ц║Р

ш╖пх╛Д2 (WiFiч╜Сч╗Ь - 10ms RTT):
  хПСщАБчлп: cwnd=15.9KB ssthresh=3.9KB х╖▓хПСщАБ=205хМЕ
  цХ░цНоц╡Б: ц║Р тЖТ[PQueue: тЦСтЦСтЦСтЦСтЦСтЦСтЦСтЦСтЦСтЦС]тЖТ[Queue: тЦСтЦСтЦСтЦСтЦСтЦСтЦСтЦСтЦСтЦСтЦСтЦСтЦСтЦСтЦСтЦСтЦСтЦСтЦСтЦС]тЖТ[Pipe: чй║щЧ▓ RTT=10ms] тЖТ цОецФ╢члп
  ACKш┐ФхЫЮ: цОецФ╢члп тЖР [х╖▓хПСщАБACK=214, х╖▓чбошодхнЧшКВ=0B] тЖР ц║Р

хоЮцЧ╢цАзшГ╜цМЗцаЗ:
  цА╗хПСщАБ: 372.1KB | цА╗чбошод: 0B | хЬищАФцХ░цНо: 372.1KB
  ш╖пх╛ДхИЖщЕН: 3G=16.1% WiFi=83.9%
----------------------------------------------------------------------------------------------------

[  17.000s] ч╜Сч╗ЬчК╢цАБх┐лчЕз
----------------------------------------------------------------------------------------------------
ш╖пх╛Д1 (3Gч╜Сч╗Ь - 150ms RTT):
  хПСщАБчлп: cwnd=27.2KB ssthresh=24.3KB х╖▓хПСщАБ=26хМЕ
  цХ░цНоц╡Б: ц║Р тЖТ[PQueue: тЦСтЦСтЦСтЦСтЦСтЦСтЦСтЦСтЦСтЦС]тЖТ[Queue: тЦСтЦСтЦСтЦСтЦСтЦСтЦСтЦСтЦСтЦСтЦСтЦСтЦСтЦСтЦСтЦСтЦСтЦСтЦСтЦС]тЖТ[Pipe: чй║щЧ▓ RTT=150ms] тЖТ цОецФ╢члп
  ACKш┐ФхЫЮ: цОецФ╢члп тЖР [х╖▓хПСщАБACK=42, х╖▓чбошодхнЧшКВ=0B] тЖР ц║Р

ш╖пх╛Д2 (WiFiч╜Сч╗Ь - 10ms RTT):
  хПСщАБчлп: cwnd=15.9KB ssthresh=3.9KB х╖▓хПСщАБ=205хМЕ
  цХ░цНоц╡Б: ц║Р тЖТ[PQueue: тЦСтЦСтЦСтЦСтЦСтЦСтЦСтЦСтЦСтЦС]тЖТ[Queue: тЦСтЦСтЦСтЦСтЦСтЦСтЦСтЦСтЦСтЦСтЦСтЦСтЦСтЦСтЦСтЦСтЦСтЦСтЦСтЦС]тЖТ[Pipe: чй║щЧ▓ RTT=10ms] тЖТ цОецФ╢члп
  ACKш┐ФхЫЮ: цОецФ╢члп тЖР [х╖▓хПСщАБACK=214, х╖▓чбошодхнЧшКВ=0B] тЖР ц║Р

хоЮцЧ╢цАзшГ╜цМЗцаЗ:
  цА╗хПСщАБ: 372.1KB | цА╗чбошод: 0B | хЬищАФцХ░цНо: 372.1KB
  ш╖пх╛ДхИЖщЕН: 3G=16.1% WiFi=83.9%
----------------------------------------------------------------------------------------------------

[  18.000s] ч╜Сч╗ЬчК╢цАБх┐лчЕз
----------------------------------------------------------------------------------------------------
ш╖пх╛Д1 (3Gч╜Сч╗Ь - 150ms RTT):
  хПСщАБчлп: cwnd=27.2KB ssthresh=24.3KB х╖▓хПСщАБ=26хМЕ
  цХ░цНоц╡Б: ц║Р тЖТ[PQueue: тЦСтЦСтЦСтЦСтЦСтЦСтЦСтЦСтЦСтЦС]тЖТ[Queue: тЦСтЦСтЦСтЦСтЦСтЦСтЦСтЦСтЦСтЦСтЦСтЦСтЦСтЦСтЦСтЦСтЦСтЦСтЦСтЦС]тЖТ[Pipe: чй║щЧ▓ RTT=150ms] тЖТ цОецФ╢члп
  ACKш┐ФхЫЮ: цОецФ╢члп тЖР [х╖▓хПСщАБACK=42, х╖▓чбошодхнЧшКВ=0B] тЖР ц║Р

ш╖пх╛Д2 (WiFiч╜Сч╗Ь - 10ms RTT):
  хПСщАБчлп: cwnd=15.9KB ssthresh=3.9KB х╖▓хПСщАБ=205хМЕ
  цХ░цНоц╡Б: ц║Р тЖТ[PQueue: тЦСтЦСтЦСтЦСтЦСтЦСтЦСтЦСтЦСтЦС]тЖТ[Queue: тЦСтЦСтЦСтЦСтЦСтЦСтЦСтЦСтЦСтЦСтЦСтЦСтЦСтЦСтЦСтЦСтЦСтЦСтЦСтЦС]тЖТ[Pipe: чй║щЧ▓ RTT=10ms] тЖТ цОецФ╢члп
  ACKш┐ФхЫЮ: цОецФ╢члп тЖР [х╖▓хПСщАБACK=214, х╖▓чбошодхнЧшКВ=0B] тЖР ц║Р

хоЮцЧ╢цАзшГ╜цМЗцаЗ:
  цА╗хПСщАБ: 372.1KB | цА╗чбошод: 0B | хЬищАФцХ░цНо: 372.1KB
  ш╖пх╛ДхИЖщЕН: 3G=16.1% WiFi=83.9%
----------------------------------------------------------------------------------------------------

[  19.000s] ч╜Сч╗ЬчК╢цАБх┐лчЕз
----------------------------------------------------------------------------------------------------
ш╖пх╛Д1 (3Gч╜Сч╗Ь - 150ms RTT):
  хПСщАБчлп: cwnd=27.2KB ssthresh=24.3KB х╖▓хПСщАБ=26хМЕ
  цХ░цНоц╡Б: ц║Р тЖТ[PQueue: тЦСтЦСтЦСтЦСтЦСтЦСтЦСтЦСтЦСтЦС]тЖТ[Queue: тЦСтЦСтЦСтЦСтЦСтЦСтЦСтЦСтЦСтЦСтЦСтЦСтЦСтЦСтЦСтЦСтЦСтЦСтЦСтЦС]тЖТ[Pipe: чй║щЧ▓ RTT=150ms] тЖТ цОецФ╢члп
  ACKш┐ФхЫЮ: цОецФ╢члп тЖР [х╖▓хПСщАБACK=42, х╖▓чбошодхнЧшКВ=0B] тЖР ц║Р

ш╖пх╛Д2 (WiFiч╜Сч╗Ь - 10ms RTT):
  хПСщАБчлп: cwnd=15.9KB ssthresh=3.9KB х╖▓хПСщАБ=205хМЕ
  цХ░цНоц╡Б: ц║Р тЖТ[PQueue: тЦСтЦСтЦСтЦСтЦСтЦСтЦСтЦСтЦСтЦС]тЖТ[Queue: тЦСтЦСтЦСтЦСтЦСтЦСтЦСтЦСтЦСтЦСтЦСтЦСтЦСтЦСтЦСтЦСтЦСтЦСтЦСтЦС]тЖТ[Pipe: чй║щЧ▓ RTT=10ms] тЖТ цОецФ╢члп
  ACKш┐ФхЫЮ: цОецФ╢члп тЖР [х╖▓хПСщАБACK=214, х╖▓чбошодхнЧшКВ=0B] тЖР ц║Р

хоЮцЧ╢цАзшГ╜цМЗцаЗ:
  цА╗хПСщАБ: 372.1KB | цА╗чбошод: 0B | хЬищАФцХ░цНо: 372.1KB
  ш╖пх╛ДхИЖщЕН: 3G=16.1% WiFi=83.9%
----------------------------------------------------------------------------------------------------

[  20.000s] ч╜Сч╗ЬчК╢цАБх┐лчЕз
----------------------------------------------------------------------------------------------------
ш╖пх╛Д1 (3Gч╜Сч╗Ь - 150ms RTT):
  хПСщАБчлп: cwnd=27.2KB ssthresh=24.3KB х╖▓хПСщАБ=26хМЕ
  цХ░цНоц╡Б: ц║Р тЖТ[PQueue: тЦСтЦСтЦСтЦСтЦСтЦСтЦСтЦСтЦСтЦС]тЖТ[Queue: тЦСтЦСтЦСтЦСтЦСтЦСтЦСтЦСтЦСтЦСтЦСтЦСтЦСтЦСтЦСтЦСтЦСтЦСтЦСтЦС]тЖТ[Pipe: чй║щЧ▓ RTT=150ms] тЖТ цОецФ╢члп
  ACKш┐ФхЫЮ: цОецФ╢члп тЖР [х╖▓хПСщАБACK=42, х╖▓чбошодхнЧшКВ=0B] тЖР ц║Р

ш╖пх╛Д2 (WiFiч╜Сч╗Ь - 10ms RTT):
  хПСщАБчлп: cwnd=15.9KB ssthresh=3.9KB х╖▓хПСщАБ=205хМЕ
  цХ░цНоц╡Б: ц║Р тЖТ[PQueue: тЦСтЦСтЦСтЦСтЦСтЦСтЦСтЦСтЦСтЦС]тЖТ[Queue: тЦСтЦСтЦСтЦСтЦСтЦСтЦСтЦСтЦСтЦСтЦСтЦСтЦСтЦСтЦСтЦСтЦСтЦСтЦСтЦС]тЖТ[Pipe: чй║щЧ▓ RTT=10ms] тЖТ цОецФ╢члп
  ACKш┐ФхЫЮ: цОецФ╢члп тЖР [х╖▓хПСщАБACK=214, х╖▓чбошодхнЧшКВ=0B] тЖР ц║Р

хоЮцЧ╢цАзшГ╜цМЗцаЗ:
  цА╗хПСщАБ: 372.1KB | цА╗чбошод: 0B | хЬищАФцХ░цНо: 372.1KB
  ш╖пх╛ДхИЖщЕН: 3G=16.1% WiFi=83.9%
----------------------------------------------------------------------------------------------------

[  21.000s] ч╜Сч╗ЬчК╢цАБх┐лчЕз
----------------------------------------------------------------------------------------------------
ш╖пх╛Д1 (3Gч╜Сч╗Ь - 150ms RTT):
  хПСщАБчлп: cwnd=27.2KB ssthresh=24.3KB х╖▓хПСщАБ=26хМЕ
  цХ░цНоц╡Б: ц║Р тЖТ[PQueue: тЦСтЦСтЦСтЦСтЦСтЦСтЦСтЦСтЦСтЦС]тЖТ[Queue: тЦСтЦСтЦСтЦСтЦСтЦСтЦСтЦСтЦСтЦСтЦСтЦСтЦСтЦСтЦСтЦСтЦСтЦСтЦСтЦС]тЖТ[Pipe: чй║щЧ▓ RTT=150ms] тЖТ цОецФ╢члп
  ACKш┐ФхЫЮ: цОецФ╢члп тЖР [х╖▓хПСщАБACK=42, х╖▓чбошодхнЧшКВ=0B] тЖР ц║Р

ш╖пх╛Д2 (WiFiч╜Сч╗Ь - 10ms RTT):
  хПСщАБчлп: cwnd=15.9KB ssthresh=3.9KB х╖▓хПСщАБ=205хМЕ
  цХ░цНоц╡Б: ц║Р тЖТ[PQueue: тЦСтЦСтЦСтЦСтЦСтЦСтЦСтЦСтЦСтЦС]тЖТ[Queue: тЦСтЦСтЦСтЦСтЦСтЦСтЦСтЦСтЦСтЦСтЦСтЦСтЦСтЦСтЦСтЦСтЦСтЦСтЦСтЦС]тЖТ[Pipe: чй║щЧ▓ RTT=10ms] тЖТ цОецФ╢члп
  ACKш┐ФхЫЮ: цОецФ╢члп тЖР [х╖▓хПСщАБACK=214, х╖▓чбошодхнЧшКВ=0B] тЖР ц║Р

хоЮцЧ╢цАзшГ╜цМЗцаЗ:
  цА╗хПСщАБ: 372.1KB | цА╗чбошод: 0B | хЬищАФцХ░цНо: 372.1KB
  ш╖пх╛ДхИЖщЕН: 3G=16.1% WiFi=83.9%
----------------------------------------------------------------------------------------------------

[  22.000s] ч╜Сч╗ЬчК╢цАБх┐лчЕз
----------------------------------------------------------------------------------------------------
ш╖пх╛Д1 (3Gч╜Сч╗Ь - 150ms RTT):
  хПСщАБчлп: cwnd=27.2KB ssthresh=24.3KB х╖▓хПСщАБ=26хМЕ
  цХ░цНоц╡Б: ц║Р тЖТ[PQueue: тЦСтЦСтЦСтЦСтЦСтЦСтЦСтЦСтЦСтЦС]тЖТ[Queue: тЦСтЦСтЦСтЦСтЦСтЦСтЦСтЦСтЦСтЦСтЦСтЦСтЦСтЦСтЦСтЦСтЦСтЦСтЦСтЦС]тЖТ[Pipe: чй║щЧ▓ RTT=150ms] тЖТ цОецФ╢члп
  ACKш┐ФхЫЮ: цОецФ╢члп тЖР [х╖▓хПСщАБACK=42, х╖▓чбошодхнЧшКВ=0B] тЖР ц║Р

ш╖пх╛Д2 (WiFiч╜Сч╗Ь - 10ms RTT):
  хПСщАБчлп: cwnd=15.9KB ssthresh=3.9KB х╖▓хПСщАБ=205хМЕ
  цХ░цНоц╡Б: ц║Р тЖТ[PQueue: тЦСтЦСтЦСтЦСтЦСтЦСтЦСтЦСтЦСтЦС]тЖТ[Queue: тЦСтЦСтЦСтЦСтЦСтЦСтЦСтЦСтЦСтЦСтЦСтЦСтЦСтЦСтЦСтЦСтЦСтЦСтЦСтЦС]тЖТ[Pipe: чй║щЧ▓ RTT=10ms] тЖТ цОецФ╢члп
  ACKш┐ФхЫЮ: цОецФ╢члп тЖР [х╖▓хПСщАБACK=214, х╖▓чбошодхнЧшКВ=0B] тЖР ц║Р

хоЮцЧ╢цАзшГ╜цМЗцаЗ:
  цА╗хПСщАБ: 372.1KB | цА╗чбошод: 0B | хЬищАФцХ░цНо: 372.1KB
  ш╖пх╛ДхИЖщЕН: 3G=16.1% WiFi=83.9%
----------------------------------------------------------------------------------------------------

[  23.000s] ч╜Сч╗ЬчК╢цАБх┐лчЕз
----------------------------------------------------------------------------------------------------
ш╖пх╛Д1 (3Gч╜Сч╗Ь - 150ms RTT):
  хПСщАБчлп: cwnd=27.2KB ssthresh=24.3KB х╖▓хПСщАБ=26хМЕ
  цХ░цНоц╡Б: ц║Р тЖТ[PQueue: тЦСтЦСтЦСтЦСтЦСтЦСтЦСтЦСтЦСтЦС]тЖТ[Queue: тЦСтЦСтЦСтЦСтЦСтЦСтЦСтЦСтЦСтЦСтЦСтЦСтЦСтЦСтЦСтЦСтЦСтЦСтЦСтЦС]тЖТ[Pipe: чй║щЧ▓ RTT=150ms] тЖТ цОецФ╢члп
  ACKш┐ФхЫЮ: цОецФ╢члп тЖР [х╖▓хПСщАБACK=42, х╖▓чбошодхнЧшКВ=0B] тЖР ц║Р

ш╖пх╛Д2 (WiFiч╜Сч╗Ь - 10ms RTT):
  хПСщАБчлп: cwnd=15.9KB ssthresh=3.9KB х╖▓хПСщАБ=205хМЕ
  цХ░цНоц╡Б: ц║Р тЖТ[PQueue: тЦСтЦСтЦСтЦСтЦСтЦСтЦСтЦСтЦСтЦС]тЖТ[Queue: тЦСтЦСтЦСтЦСтЦСтЦСтЦСтЦСтЦСтЦСтЦСтЦСтЦСтЦСтЦСтЦСтЦСтЦСтЦСтЦС]тЖТ[Pipe: чй║щЧ▓ RTT=10ms] тЖТ цОецФ╢члп
  ACKш┐ФхЫЮ: цОецФ╢члп тЖР [х╖▓хПСщАБACK=214, х╖▓чбошодхнЧшКВ=0B] тЖР ц║Р

хоЮцЧ╢цАзшГ╜цМЗцаЗ:
  цА╗хПСщАБ: 372.1KB | цА╗чбошод: 0B | хЬищАФцХ░цНо: 372.1KB
  ш╖пх╛ДхИЖщЕН: 3G=16.1% WiFi=83.9%
----------------------------------------------------------------------------------------------------

[  24.000s] ч╜Сч╗ЬчК╢цАБх┐лчЕз
----------------------------------------------------------------------------------------------------
ш╖пх╛Д1 (3Gч╜Сч╗Ь - 150ms RTT):
  хПСщАБчлп: cwnd=27.2KB ssthresh=24.3KB х╖▓хПСщАБ=26хМЕ
  цХ░цНоц╡Б: ц║Р тЖТ[PQueue: тЦСтЦСтЦСтЦСтЦСтЦСтЦСтЦСтЦСтЦС]тЖТ[Queue: тЦСтЦСтЦСтЦСтЦСтЦСтЦСтЦСтЦСтЦСтЦСтЦСтЦСтЦСтЦСтЦСтЦСтЦСтЦСтЦС]тЖТ[Pipe: чй║щЧ▓ RTT=150ms] тЖТ цОецФ╢члп
  ACKш┐ФхЫЮ: цОецФ╢члп тЖР [х╖▓хПСщАБACK=42, х╖▓чбошодхнЧшКВ=0B] тЖР ц║Р

ш╖пх╛Д2 (WiFiч╜Сч╗Ь - 10ms RTT):
  хПСщАБчлп: cwnd=15.9KB ssthresh=3.9KB х╖▓хПСщАБ=205хМЕ
  цХ░цНоц╡Б: ц║Р тЖТ[PQueue: тЦСтЦСтЦСтЦСтЦСтЦСтЦСтЦСтЦСтЦС]тЖТ[Queue: тЦСтЦСтЦСтЦСтЦСтЦСтЦСтЦСтЦСтЦСтЦСтЦСтЦСтЦСтЦСтЦСтЦСтЦСтЦСтЦС]тЖТ[Pipe: чй║щЧ▓ RTT=10ms] тЖТ цОецФ╢члп
  ACKш┐ФхЫЮ: цОецФ╢члп тЖР [х╖▓хПСщАБACK=214, х╖▓чбошодхнЧшКВ=0B] тЖР ц║Р

хоЮцЧ╢цАзшГ╜цМЗцаЗ:
  цА╗хПСщАБ: 372.1KB | цА╗чбошод: 0B | хЬищАФцХ░цНо: 372.1KB
  ш╖пх╛ДхИЖщЕН: 3G=16.1% WiFi=83.9%
----------------------------------------------------------------------------------------------------

[  25.000s] ч╜Сч╗ЬчК╢цАБх┐лчЕз
----------------------------------------------------------------------------------------------------
ш╖пх╛Д1 (3Gч╜Сч╗Ь - 150ms RTT):
  хПСщАБчлп: cwnd=27.2KB ssthresh=24.3KB х╖▓хПСщАБ=26хМЕ
  цХ░цНоц╡Б: ц║Р тЖТ[PQueue: тЦСтЦСтЦСтЦСтЦСтЦСтЦСтЦСтЦСтЦС]тЖТ[Queue: тЦСтЦСтЦСтЦСтЦСтЦСтЦСтЦСтЦСтЦСтЦСтЦСтЦСтЦСтЦСтЦСтЦСтЦСтЦСтЦС]тЖТ[Pipe: чй║щЧ▓ RTT=150ms] тЖТ цОецФ╢члп
  ACKш┐ФхЫЮ: цОецФ╢члп тЖР [х╖▓хПСщАБACK=42, х╖▓чбошодхнЧшКВ=0B] тЖР ц║Р

ш╖пх╛Д2 (WiFiч╜Сч╗Ь - 10ms RTT):
  хПСщАБчлп: cwnd=15.9KB ssthresh=3.9KB х╖▓хПСщАБ=205хМЕ
  цХ░цНоц╡Б: ц║Р тЖТ[PQueue: тЦСтЦСтЦСтЦСтЦСтЦСтЦСтЦСтЦСтЦС]тЖТ[Queue: тЦСтЦСтЦСтЦСтЦСтЦСтЦСтЦСтЦСтЦСтЦСтЦСтЦСтЦСтЦСтЦСтЦСтЦСтЦСтЦС]тЖТ[Pipe: чй║щЧ▓ RTT=10ms] тЖТ цОецФ╢члп
  ACKш┐ФхЫЮ: цОецФ╢члп тЖР [х╖▓хПСщАБACK=214, х╖▓чбошодхнЧшКВ=0B] тЖР ц║Р

хоЮцЧ╢цАзшГ╜цМЗцаЗ:
  цА╗хПСщАБ: 372.1KB | цА╗чбошод: 0B | хЬищАФцХ░цНо: 372.1KB
  ш╖пх╛ДхИЖщЕН: 3G=16.1% WiFi=83.9%
----------------------------------------------------------------------------------------------------

[  26.000s] ч╜Сч╗ЬчК╢цАБх┐лчЕз
----------------------------------------------------------------------------------------------------
ш╖пх╛Д1 (3Gч╜Сч╗Ь - 150ms RTT):
  хПСщАБчлп: cwnd=27.2KB ssthresh=24.3KB х╖▓хПСщАБ=26хМЕ
  цХ░цНоц╡Б: ц║Р тЖТ[PQueue: тЦСтЦСтЦСтЦСтЦСтЦСтЦСтЦСтЦСтЦС]тЖТ[Queue: тЦСтЦСтЦСтЦСтЦСтЦСтЦСтЦСтЦСтЦСтЦСтЦСтЦСтЦСтЦСтЦСтЦСтЦСтЦСтЦС]тЖТ[Pipe: чй║щЧ▓ RTT=150ms] тЖТ цОецФ╢члп
  ACKш┐ФхЫЮ: цОецФ╢члп тЖР [х╖▓хПСщАБACK=42, х╖▓чбошодхнЧшКВ=0B] тЖР ц║Р

ш╖пх╛Д2 (WiFiч╜Сч╗Ь - 10ms RTT):
  хПСщАБчлп: cwnd=15.9KB ssthresh=3.9KB х╖▓хПСщАБ=205хМЕ
  цХ░цНоц╡Б: ц║Р тЖТ[PQueue: тЦСтЦСтЦСтЦСтЦСтЦСтЦСтЦСтЦСтЦС]тЖТ[Queue: тЦСтЦСтЦСтЦСтЦСтЦСтЦСтЦСтЦСтЦСтЦСтЦСтЦСтЦСтЦСтЦСтЦСтЦСтЦСтЦС]тЖТ[Pipe: чй║щЧ▓ RTT=10ms] тЖТ цОецФ╢члп
  ACKш┐ФхЫЮ: цОецФ╢члп тЖР [х╖▓хПСщАБACK=214, х╖▓чбошодхнЧшКВ=0B] тЖР ц║Р

хоЮцЧ╢цАзшГ╜цМЗцаЗ:
  цА╗хПСщАБ: 372.1KB | цА╗чбошод: 0B | хЬищАФцХ░цНо: 372.1KB
  ш╖пх╛ДхИЖщЕН: 3G=16.1% WiFi=83.9%
----------------------------------------------------------------------------------------------------

[  27.000s] ч╜Сч╗ЬчК╢цАБх┐лчЕз
----------------------------------------------------------------------------------------------------
ш╖пх╛Д1 (3Gч╜Сч╗Ь - 150ms RTT):
  хПСщАБчлп: cwnd=27.2KB ssthresh=24.3KB х╖▓хПСщАБ=26хМЕ
  цХ░цНоц╡Б: ц║Р тЖТ[PQueue: тЦСтЦСтЦСтЦСтЦСтЦСтЦСтЦСтЦСтЦС]тЖТ[Queue: тЦСтЦСтЦСтЦСтЦСтЦСтЦСтЦСтЦСтЦСтЦСтЦСтЦСтЦСтЦСтЦСтЦСтЦСтЦСтЦС]тЖТ[Pipe: чй║щЧ▓ RTT=150ms] тЖТ цОецФ╢члп
  ACKш┐ФхЫЮ: цОецФ╢члп тЖР [х╖▓хПСщАБACK=42, х╖▓чбошодхнЧшКВ=0B] тЖР ц║Р

ш╖пх╛Д2 (WiFiч╜Сч╗Ь - 10ms RTT):
  хПСщАБчлп: cwnd=15.9KB ssthresh=3.9KB х╖▓хПСщАБ=205хМЕ
  цХ░цНоц╡Б: ц║Р тЖТ[PQueue: тЦСтЦСтЦСтЦСтЦСтЦСтЦСтЦСтЦСтЦС]тЖТ[Queue: тЦСтЦСтЦСтЦСтЦСтЦСтЦСтЦСтЦСтЦСтЦСтЦСтЦСтЦСтЦСтЦСтЦСтЦСтЦСтЦС]тЖТ[Pipe: чй║щЧ▓ RTT=10ms] тЖТ цОецФ╢члп
  ACKш┐ФхЫЮ: цОецФ╢члп тЖР [х╖▓хПСщАБACK=214, х╖▓чбошодхнЧшКВ=0B] тЖР ц║Р

хоЮцЧ╢цАзшГ╜цМЗцаЗ:
  цА╗хПСщАБ: 372.1KB | цА╗чбошод: 0B | хЬищАФцХ░цНо: 372.1KB
  ш╖пх╛ДхИЖщЕН: 3G=16.1% WiFi=83.9%
----------------------------------------------------------------------------------------------------

[  28.000s] ч╜Сч╗ЬчК╢цАБх┐лчЕз
----------------------------------------------------------------------------------------------------
ш╖пх╛Д1 (3Gч╜Сч╗Ь - 150ms RTT):
  хПСщАБчлп: cwnd=27.2KB ssthresh=24.3KB х╖▓хПСщАБ=26хМЕ
  цХ░цНоц╡Б: ц║Р тЖТ[PQueue: тЦСтЦСтЦСтЦСтЦСтЦСтЦСтЦСтЦСтЦС]тЖТ[Queue: тЦСтЦСтЦСтЦСтЦСтЦСтЦСтЦСтЦСтЦСтЦСтЦСтЦСтЦСтЦСтЦСтЦСтЦСтЦСтЦС]тЖТ[Pipe: чй║щЧ▓ RTT=150ms] тЖТ цОецФ╢члп
  ACKш┐ФхЫЮ: цОецФ╢члп тЖР [х╖▓хПСщАБACK=42, х╖▓чбошодхнЧшКВ=0B] тЖР ц║Р

ш╖пх╛Д2 (WiFiч╜Сч╗Ь - 10ms RTT):
  хПСщАБчлп: cwnd=15.9KB ssthresh=3.9KB х╖▓хПСщАБ=205хМЕ
  цХ░цНоц╡Б: ц║Р тЖТ[PQueue: тЦСтЦСтЦСтЦСтЦСтЦСтЦСтЦСтЦСтЦС]тЖТ[Queue: тЦСтЦСтЦСтЦСтЦСтЦСтЦСтЦСтЦСтЦСтЦСтЦСтЦСтЦСтЦСтЦСтЦСтЦСтЦСтЦС]тЖТ[Pipe: чй║щЧ▓ RTT=10ms] тЖТ цОецФ╢члп
  ACKш┐ФхЫЮ: цОецФ╢члп тЖР [х╖▓хПСщАБACK=214, х╖▓чбошодхнЧшКВ=0B] тЖР ц║Р

хоЮцЧ╢цАзшГ╜цМЗцаЗ:
  цА╗хПСщАБ: 372.1KB | цА╗чбошод: 0B | хЬищАФцХ░цНо: 372.1KB
  ш╖пх╛ДхИЖщЕН: 3G=16.1% WiFi=83.9%
----------------------------------------------------------------------------------------------------

[  29.000s] ч╜Сч╗ЬчК╢цАБх┐лчЕз
----------------------------------------------------------------------------------------------------
ш╖пх╛Д1 (3Gч╜Сч╗Ь - 150ms RTT):
  хПСщАБчлп: cwnd=27.2KB ssthresh=24.3KB х╖▓хПСщАБ=26хМЕ
  цХ░цНоц╡Б: ц║Р тЖТ[PQueue: тЦСтЦСтЦСтЦСтЦСтЦСтЦСтЦСтЦСтЦС]тЖТ[Queue: тЦСтЦСтЦСтЦСтЦСтЦСтЦСтЦСтЦСтЦСтЦСтЦСтЦСтЦСтЦСтЦСтЦСтЦСтЦСтЦС]тЖТ[Pipe: чй║щЧ▓ RTT=150ms] тЖТ цОецФ╢члп
  ACKш┐ФхЫЮ: цОецФ╢члп тЖР [х╖▓хПСщАБACK=42, х╖▓чбошодхнЧшКВ=0B] тЖР ц║Р

ш╖пх╛Д2 (WiFiч╜Сч╗Ь - 10ms RTT):
  хПСщАБчлп: cwnd=15.9KB ssthresh=3.9KB х╖▓хПСщАБ=205хМЕ
  цХ░цНоц╡Б: ц║Р тЖТ[PQueue: тЦСтЦСтЦСтЦСтЦСтЦСтЦСтЦСтЦСтЦС]тЖТ[Queue: тЦСтЦСтЦСтЦСтЦСтЦСтЦСтЦСтЦСтЦСтЦСтЦСтЦСтЦСтЦСтЦСтЦСтЦСтЦСтЦС]тЖТ[Pipe: чй║щЧ▓ RTT=10ms] тЖТ цОецФ╢члп
  ACKш┐ФхЫЮ: цОецФ╢члп тЖР [х╖▓хПСщАБACK=214, х╖▓чбошодхнЧшКВ=0B] тЖР ц║Р

хоЮцЧ╢цАзшГ╜цМЗцаЗ:
  цА╗хПСщАБ: 372.1KB | цА╗чбошод: 0B | хЬищАФцХ░цНо: 372.1KB
  ш╖пх╛ДхИЖщЕН: 3G=16.1% WiFi=83.9%
----------------------------------------------------------------------------------------------------

====================================================================================================
ф╗┐чЬЯцА╗ч╗У
====================================================================================================

ч╜Сч╗ЬшбМф╕║чЙ╣х╛Б:
  - ф╕╗шжБчУ╢щвИ: цОецФ╢чкЧхПгщЩРхИ╢
  - х╣│хЭЗщШЯхИЧх╗╢ш┐Я: 5.0ms
  - цА╗ф╕вхМЕчОЗ: 0.00%
  - х╣│хЭЗчлпхИ░члпх╗╢ш┐Я: 80.0ms

хРДш╖пх╛ДчЙ╣х╛Б:
  ш╖пх╛Д1:
    - х╣│хЭЗхРЮхРРщЗП: 2.00 KB/s
    - х╣│хЭЗRTT: 150.0ms
    - щШЯхИЧхНачФичОЗ: 0.0%
    - ф╕вхМЕцХ░: 0
  ш╖пх╛Д2:
    - х╣│хЭЗхРЮхРРщЗП: 10.40 KB/s
    - х╣│хЭЗRTT: 10.0ms
    - щШЯхИЧхНачФичОЗ: 0.0%
    - ф╕вхМЕцХ░: 0
