================================================================================
MPTCP仿真日志 - 2025-08-05 13:10:54.476812
================================================================================

[   0.000s] 创建网络拓扑
[   0.000s] 创建MPTCP连接 - 接收窗口=254包
[   0.000s] 创建TCP子流
[   0.000s] 发送数据包 - 路径1, seq=1
[   0.041s] 发送数据包 - 路径2, seq=1
[   0.051s] 收到ACK - 路径2, ack=1
[   0.051s] 发送数据包 - 路径2, seq=15001
[   0.064s] 收到ACK - 路径2, ack=1501
[   0.064s] 发送数据包 - 路径2, seq=16501
[   0.066s] 收到ACK - 路径2, ack=3001
[   0.066s] 发送数据包 - 路径2, seq=18001
[   0.069s] 收到ACK - 路径2, ack=4501
[   0.069s] 发送数据包 - 路径2, seq=19501
[   0.071s] 收到ACK - 路径2, ack=6001
[   0.071s] 发送数据包 - 路径2, seq=21001
[   0.074s] 收到ACK - 路径2, ack=7501
[   0.074s] 发送数据包 - 路径2, seq=22501
[   0.076s] 收到ACK - 路径2, ack=9001
[   0.076s] 发送数据包 - 路径2, seq=24001
[   0.051s] 发送ACK - 路径2, 累计=10
[   0.079s] 收到ACK - 路径2, ack=10501
[   0.079s] 发送数据包 - 路径2, seq=25501
[   0.081s] 收到ACK - 路径2, ack=12001
[   0.081s] 发送数据包 - 路径2, seq=27001
[   0.084s] 收到ACK - 路径2, ack=13501
[   0.084s] 发送数据包 - 路径2, seq=28501
[   0.086s] 收到ACK - 路径2, ack=15001
[   0.086s] 发送数据包 - 路径2, seq=31501
[   0.089s] 收到ACK - 路径2, ack=16501
[   0.089s] 发送数据包 - 路径2, seq=33001
[   0.091s] 收到ACK - 路径2, ack=18001
[   0.091s] 发送数据包 - 路径2, seq=34501
[   0.094s] 收到ACK - 路径2, ack=19501
[   0.094s] 发送数据包 - 路径2, seq=36001
[   0.096s] 收到ACK - 路径2, ack=21001
[   0.096s] 发送数据包 - 路径2, seq=37501
[   0.099s] 收到ACK - 路径2, ack=22501
[   0.099s] 发送数据包 - 路径2, seq=39001
[   0.101s] 收到ACK - 路径2, ack=24001
[   0.101s] 发送数据包 - 路径2, seq=40501
[   0.084s] 发送ACK - 路径2, 累计=20
[   0.104s] 收到ACK - 路径2, ack=25501
[   0.104s] 发送数据包 - 路径2, seq=42001
[   0.106s] 收到ACK - 路径2, ack=27001
[   0.106s] 发送数据包 - 路径2, seq=43501
[   0.109s] 收到ACK - 路径2, ack=28501
[   0.109s] 发送数据包 - 路径2, seq=45001
[   0.111s] 收到ACK - 路径2, ack=30001
[   0.111s] 发送数据包 - 路径2, seq=46501
[   0.114s] 收到ACK - 路径2, ack=31501
[   0.114s] 发送数据包 - 路径2, seq=49501
[   0.116s] 收到ACK - 路径2, ack=33001
[   0.116s] 发送数据包 - 路径2, seq=51001
[   0.119s] 收到ACK - 路径2, ack=34501
[   0.119s] 发送数据包 - 路径2, seq=52501
[   0.121s] 收到ACK - 路径2, ack=36001
[   0.121s] 发送数据包 - 路径2, seq=54001
[   0.124s] 收到ACK - 路径2, ack=37501
[   0.124s] 发送数据包 - 路径2, seq=55501
[   0.126s] 收到ACK - 路径2, ack=39001
[   0.126s] 发送数据包 - 路径2, seq=57001
[   0.106s] 发送ACK - 路径2, 累计=30
[   0.129s] 收到ACK - 路径2, ack=40501
[   0.129s] 发送数据包 - 路径2, seq=58501
[   0.131s] 收到ACK - 路径2, ack=42001
[   0.131s] 发送数据包 - 路径2, seq=60001
[   0.134s] 收到ACK - 路径2, ack=43501
[   0.134s] 发送数据包 - 路径2, seq=61501
[   0.136s] 收到ACK - 路径2, ack=45001
[   0.136s] 发送数据包 - 路径2, seq=63001
[   0.139s] 收到ACK - 路径2, ack=46501
[   0.139s] 发送数据包 - 路径2, seq=64501
[   0.141s] 收到ACK - 路径2, ack=48001
[   0.141s] 发送数据包 - 路径2, seq=66001
[   0.144s] 收到ACK - 路径2, ack=49501
[   0.144s] 发送数据包 - 路径2, seq=67501
[   0.146s] 收到ACK - 路径2, ack=51001
[   0.146s] 发送数据包 - 路径2, seq=70501
[   0.149s] 收到ACK - 路径2, ack=52501
[   0.149s] 发送数据包 - 路径2, seq=72001
[   0.150s] 收到ACK - 路径1, ack=1
[   0.150s] 发送数据包 - 路径1, seq=16501
[   0.151s] 收到ACK - 路径2, ack=54001
[   0.151s] 发送数据包 - 路径2, seq=73501
[   0.129s] 发送ACK - 路径2, 累计=40
[   0.154s] 收到ACK - 路径2, ack=55501
[   0.154s] 发送数据包 - 路径2, seq=75001
[   0.156s] 收到ACK - 路径2, ack=57001
[   0.156s] 发送数据包 - 路径2, seq=76501
[   0.159s] 收到ACK - 路径2, ack=58501
[   0.159s] 发送数据包 - 路径2, seq=78001
[   0.161s] 收到ACK - 路径2, ack=60001
[   0.161s] 发送数据包 - 路径2, seq=79501
[   0.164s] 收到ACK - 路径2, ack=61501
[   0.164s] 发送数据包 - 路径2, seq=81001
[   0.166s] 收到ACK - 路径2, ack=63001
[   0.166s] 发送数据包 - 路径2, seq=82501
[   0.169s] 收到ACK - 路径2, ack=64501
[   0.169s] 发送数据包 - 路径2, seq=84001
[   0.171s] 收到ACK - 路径2, ack=66001
[   0.171s] 发送数据包 - 路径2, seq=85501
[   0.174s] 收到ACK - 路径2, ack=67501
[   0.174s] 发送数据包 - 路径2, seq=87001
[   0.176s] 收到ACK - 路径2, ack=69001
[   0.176s] 发送数据包 - 路径2, seq=88501
[   0.151s] 发送ACK - 路径2, 累计=50
[   0.179s] 收到ACK - 路径2, ack=70501
[   0.179s] 发送数据包 - 路径2, seq=90001
[   0.181s] 收到ACK - 路径2, ack=72001
[   0.181s] 发送数据包 - 路径2, seq=93001
[   0.184s] 收到ACK - 路径2, ack=73501
[   0.184s] 发送数据包 - 路径2, seq=94501
[   0.186s] 收到ACK - 路径2, ack=75001
[   0.186s] 发送数据包 - 路径2, seq=96001
[   0.189s] 收到ACK - 路径2, ack=76501
[   0.189s] 发送数据包 - 路径2, seq=97501
[   0.191s] 收到ACK - 路径2, ack=78001
[   0.191s] 发送数据包 - 路径2, seq=99001
[   0.194s] 收到ACK - 路径2, ack=79501
[   0.194s] 发送数据包 - 路径2, seq=100501
[   0.196s] 收到ACK - 路径2, ack=81001
[   0.196s] 发送数据包 - 路径2, seq=102001
[   0.199s] 收到ACK - 路径2, ack=82501
[   0.199s] 发送数据包 - 路径2, seq=103501
[   0.201s] 收到ACK - 路径2, ack=84001
[   0.201s] 发送数据包 - 路径2, seq=105001
[   0.176s] 发送ACK - 路径2, 累计=60
[   0.204s] 收到ACK - 路径2, ack=85501
[   0.204s] 发送数据包 - 路径2, seq=106501
[   0.206s] 收到ACK - 路径2, ack=87001
[   0.206s] 发送数据包 - 路径2, seq=108001
[   0.209s] 收到ACK - 路径2, ack=88501
[   0.209s] 发送数据包 - 路径2, seq=109501
[   0.211s] 收到ACK - 路径2, ack=90001
[   0.211s] 发送数据包 - 路径2, seq=111001
[   0.214s] 收到ACK - 路径2, ack=91501
[   0.214s] 发送数据包 - 路径2, seq=112501
[   0.216s] 收到ACK - 路径2, ack=93001
[   0.216s] 发送数据包 - 路径2, seq=115501
[   0.219s] 收到ACK - 路径2, ack=94501
[   0.219s] 发送数据包 - 路径2, seq=117001
[   0.221s] 收到ACK - 路径2, ack=96001
[   0.221s] 发送数据包 - 路径2, seq=118501
[   0.224s] 收到ACK - 路径2, ack=97501
[   0.224s] 发送数据包 - 路径2, seq=120001
[   0.226s] 收到ACK - 路径2, ack=99001
[   0.226s] 发送数据包 - 路径2, seq=121501
[   0.199s] 发送ACK - 路径2, 累计=70
[   0.229s] 收到ACK - 路径2, ack=100501
[   0.229s] 发送数据包 - 路径2, seq=123001
[   0.231s] 收到ACK - 路径2, ack=102001
[   0.231s] 发送数据包 - 路径2, seq=124501
[   0.234s] 收到ACK - 路径2, ack=103501
[   0.234s] 发送数据包 - 路径2, seq=126001
[   0.236s] 收到ACK - 路径2, ack=105001
[   0.236s] 发送数据包 - 路径2, seq=127501
[   0.239s] 收到ACK - 路径2, ack=106501
[   0.239s] 发送数据包 - 路径2, seq=129001
[   0.241s] 收到ACK - 路径2, ack=108001
[   0.241s] 发送数据包 - 路径2, seq=130501
[   0.244s] 收到ACK - 路径2, ack=109501
[   0.244s] 发送数据包 - 路径2, seq=132001
[   0.246s] 收到ACK - 路径2, ack=111001
[   0.246s] 发送数据包 - 路径2, seq=133501
[   0.249s] 收到ACK - 路径2, ack=112501
[   0.249s] 发送数据包 - 路径2, seq=135001
[   0.251s] 收到ACK - 路径2, ack=114001
[   0.251s] 发送数据包 - 路径2, seq=136501
[   0.221s] 发送ACK - 路径2, 累计=80
[   0.254s] 收到ACK - 路径2, ack=115501
[   0.254s] 发送数据包 - 路径2, seq=138001
[   0.256s] 收到ACK - 路径2, ack=117001
[   0.256s] 发送数据包 - 路径2, seq=141001
[   0.259s] 收到ACK - 路径2, ack=118501
[   0.259s] 发送数据包 - 路径2, seq=142501
[   0.261s] 收到ACK - 路径2, ack=120001
[   0.261s] 发送数据包 - 路径2, seq=144001
[   0.264s] 收到ACK - 路径2, ack=121501
[   0.264s] 发送数据包 - 路径2, seq=145501
[   0.266s] 收到ACK - 路径2, ack=123001
[   0.266s] 发送数据包 - 路径2, seq=147001
[   0.269s] 收到ACK - 路径2, ack=124501
[   0.269s] 发送数据包 - 路径2, seq=148501
[   0.271s] 收到ACK - 路径2, ack=126001
[   0.271s] 发送数据包 - 路径2, seq=150001
[   0.274s] 收到ACK - 路径2, ack=127501
[   0.274s] 发送数据包 - 路径2, seq=151501
[   0.276s] 收到ACK - 路径2, ack=129001
[   0.276s] 发送数据包 - 路径2, seq=153001
[   0.246s] 发送ACK - 路径2, 累计=90
[   0.279s] 收到ACK - 路径2, ack=130501
[   0.279s] 发送数据包 - 路径2, seq=154501
[   0.150s] 发送ACK - 路径1, 累计=10
[   0.281s] 收到ACK - 路径2, ack=132001
[   0.281s] 发送数据包 - 路径2, seq=156001
[   0.284s] 收到ACK - 路径2, ack=133501
[   0.284s] 发送数据包 - 路径2, seq=157501
[   0.286s] 收到ACK - 路径2, ack=135001
[   0.286s] 发送数据包 - 路径2, seq=159001
[   0.289s] 收到ACK - 路径2, ack=136501
[   0.289s] 发送数据包 - 路径2, seq=160501
[   0.291s] 收到ACK - 路径2, ack=138001
[   0.291s] 发送数据包 - 路径2, seq=162001
[   0.294s] 收到ACK - 路径2, ack=139501
[   0.294s] 发送数据包 - 路径2, seq=163501
[   0.296s] 收到ACK - 路径2, ack=141001
[   0.296s] 发送数据包 - 路径2, seq=166501
[   0.299s] 收到ACK - 路径2, ack=142501
[   0.299s] 发送数据包 - 路径2, seq=168001
[   0.301s] 收到ACK - 路径2, ack=144001
[   0.301s] 发送数据包 - 路径2, seq=169501
[   0.269s] 发送ACK - 路径2, 累计=100
[   0.304s] 收到ACK - 路径2, ack=145501
[   0.304s] 发送数据包 - 路径2, seq=171001
[   0.306s] 收到ACK - 路径2, ack=147001
[   0.306s] 发送数据包 - 路径2, seq=172501
[   0.307s] 收到ACK - 路径1, ack=1501
[   0.307s] 发送数据包 - 路径1, seq=19501
[   0.309s] 收到ACK - 路径2, ack=148501
[   0.309s] 发送数据包 - 路径2, seq=174001
[   0.311s] 收到ACK - 路径2, ack=150001
[   0.311s] 发送数据包 - 路径2, seq=175501
[   0.313s] 收到ACK - 路径1, ack=3001
[   0.313s] 发送数据包 - 路径1, seq=22501
[   0.314s] 收到ACK - 路径2, ack=151501
[   0.314s] 发送数据包 - 路径2, seq=177001
[   0.316s] 收到ACK - 路径2, ack=153001
[   0.316s] 发送数据包 - 路径2, seq=178501
[   0.319s] 收到ACK - 路径1, ack=4501
[   0.319s] 发送数据包 - 路径1, seq=24001
[   0.319s] 收到ACK - 路径2, ack=154501
[   0.319s] 发送数据包 - 路径2, seq=180001
[   0.321s] 收到ACK - 路径2, ack=156001
[   0.321s] 发送数据包 - 路径2, seq=181501
[   0.324s] 收到ACK - 路径2, ack=157501
[   0.324s] 发送数据包 - 路径2, seq=183001
[   0.325s] 收到ACK - 路径1, ack=6001
[   0.325s] 发送数据包 - 路径1, seq=25501
[   0.326s] 收到ACK - 路径2, ack=159001
[   0.326s] 发送数据包 - 路径2, seq=184501
[   0.294s] 发送ACK - 路径2, 累计=110
[   0.329s] 收到ACK - 路径2, ack=160501
[   0.329s] 发送数据包 - 路径2, seq=186001
[   0.331s] 收到ACK - 路径1, ack=7501
[   0.331s] 发送数据包 - 路径1, seq=27001
[   0.331s] 收到ACK - 路径2, ack=162001
[   0.331s] 发送数据包 - 路径2, seq=187501
[   0.334s] 收到ACK - 路径2, ack=163501
[   0.334s] 发送数据包 - 路径2, seq=189001
[   0.336s] 收到ACK - 路径2, ack=165001
[   0.336s] 发送数据包 - 路径2, seq=190501
[   0.337s] 收到ACK - 路径1, ack=9001
[   0.337s] 发送数据包 - 路径1, seq=28501
[   0.339s] 收到ACK - 路径2, ack=166501
[   0.339s] 发送数据包 - 路径2, seq=192001
[   0.341s] 收到ACK - 路径2, ack=168001
[   0.341s] 发送数据包 - 路径2, seq=195001
[   0.343s] 收到ACK - 路径1, ack=10501
[   0.343s] 发送数据包 - 路径1, seq=30001
[   0.344s] 收到ACK - 路径2, ack=169501
[   0.344s] 发送数据包 - 路径2, seq=196501
[   0.346s] 收到ACK - 路径2, ack=171001
[   0.346s] 发送数据包 - 路径2, seq=198001
[   0.349s] 收到ACK - 路径1, ack=12001
[   0.349s] 发送数据包 - 路径1, seq=31501
[   0.349s] 收到ACK - 路径2, ack=172501
[   0.349s] 发送数据包 - 路径2, seq=199501
[   0.351s] 收到ACK - 路径2, ack=174001
[   0.351s] 发送数据包 - 路径2, seq=201001
[   0.316s] 发送ACK - 路径2, 累计=120
[   0.354s] 收到ACK - 路径2, ack=175501
[   0.354s] 发送数据包 - 路径2, seq=202501
[   0.355s] 收到ACK - 路径1, ack=13501
[   0.355s] 发送数据包 - 路径1, seq=33001
[   0.356s] 收到ACK - 路径2, ack=177001
[   0.356s] 发送数据包 - 路径2, seq=204001
[   0.359s] 收到ACK - 路径2, ack=178501
[   0.359s] 发送数据包 - 路径2, seq=205501
[   0.361s] 收到ACK - 路径1, ack=15001
[   0.361s] 发送数据包 - 路径1, seq=34501
[   0.361s] 收到ACK - 路径2, ack=180001
[   0.361s] 发送数据包 - 路径2, seq=207001
[   0.364s] 收到ACK - 路径2, ack=181501
[   0.364s] 发送数据包 - 路径2, seq=208501
[   0.366s] 收到ACK - 路径2, ack=183001
[   0.366s] 发送数据包 - 路径2, seq=210001
[   0.367s] 收到ACK - 路径1, ack=16501
[   0.367s] 发送数据包 - 路径1, seq=36001
[   0.369s] 收到ACK - 路径2, ack=184501
[   0.369s] 发送数据包 - 路径2, seq=211501
[   0.371s] 收到ACK - 路径2, ack=186001
[   0.371s] 发送数据包 - 路径2, seq=213001
[   0.374s] 收到ACK - 路径2, ack=187501
[   0.374s] 发送数据包 - 路径2, seq=214501
[   0.376s] 收到ACK - 路径2, ack=189001
[   0.376s] 发送数据包 - 路径2, seq=216001
[   0.341s] 发送ACK - 路径2, 累计=130
[   0.379s] 收到ACK - 路径2, ack=190501
[   0.379s] 发送数据包 - 路径2, seq=217501
[   0.381s] 收到ACK - 路径2, ack=192001
[   0.381s] 发送数据包 - 路径2, seq=219001
[   0.384s] 收到ACK - 路径2, ack=193501
[   0.384s] 发送数据包 - 路径2, seq=220501
[   0.386s] 收到ACK - 路径2, ack=195001
[   0.386s] 发送数据包 - 路径2, seq=223501
[   0.389s] 收到ACK - 路径2, ack=196501
[   0.389s] 发送数据包 - 路径2, seq=225001
[   0.391s] 收到ACK - 路径2, ack=198001
[   0.391s] 发送数据包 - 路径2, seq=226501
[   0.394s] 收到ACK - 路径2, ack=199501
[   0.394s] 发送数据包 - 路径2, seq=228001
[   0.396s] 收到ACK - 路径2, ack=201001
[   0.396s] 发送数据包 - 路径2, seq=229501
[   0.399s] 收到ACK - 路径2, ack=202501
[   0.399s] 发送数据包 - 路径2, seq=231001
[   0.401s] 收到ACK - 路径2, ack=204001
[   0.401s] 发送数据包 - 路径2, seq=232501
[   0.364s] 发送ACK - 路径2, 累计=140
[   0.404s] 收到ACK - 路径2, ack=205501
[   0.404s] 发送数据包 - 路径2, seq=234001
[   0.406s] 收到ACK - 路径2, ack=207001
[   0.406s] 发送数据包 - 路径2, seq=235501
[   0.409s] 收到ACK - 路径2, ack=208501
[   0.409s] 发送数据包 - 路径2, seq=237001
[   0.411s] 收到ACK - 路径2, ack=210001
[   0.411s] 发送数据包 - 路径2, seq=238501
[   0.414s] 收到ACK - 路径2, ack=211501
[   0.414s] 发送数据包 - 路径2, seq=240001
[   0.416s] 收到ACK - 路径2, ack=213001
[   0.416s] 发送数据包 - 路径2, seq=241501
[   0.419s] 收到ACK - 路径2, ack=214501
[   0.419s] 发送数据包 - 路径2, seq=243001
[   0.421s] 收到ACK - 路径2, ack=216001
[   0.421s] 发送数据包 - 路径2, seq=244501
[   0.424s] 收到ACK - 路径2, ack=217501
[   0.424s] 发送数据包 - 路径2, seq=246001
[   0.426s] 收到ACK - 路径2, ack=219001
[   0.426s] 发送数据包 - 路径2, seq=247501
[   0.386s] 发送ACK - 路径2, 累计=150
[   0.429s] 收到ACK - 路径2, ack=220501
[   0.429s] 发送数据包 - 路径2, seq=249001
[   0.337s] 发送ACK - 路径1, 累计=20
[   0.431s] 收到ACK - 路径2, ack=222001
[   0.431s] 发送数据包 - 路径2, seq=250501
[   0.434s] 收到ACK - 路径2, ack=223501
[   0.434s] 发送数据包 - 路径2, seq=252001
[   0.436s] 收到ACK - 路径2, ack=225001
[   0.436s] 发送数据包 - 路径2, seq=255001
[   0.439s] 收到ACK - 路径2, ack=226501
[   0.439s] 发送数据包 - 路径2, seq=256501
[   0.441s] 收到ACK - 路径2, ack=228001
[   0.441s] 发送数据包 - 路径2, seq=258001
[   0.444s] 收到ACK - 路径2, ack=229501
[   0.444s] 发送数据包 - 路径2, seq=259501
[   0.446s] 收到ACK - 路径2, ack=231001
[   0.446s] 发送数据包 - 路径2, seq=261001
[   0.449s] 收到ACK - 路径2, ack=232501
[   0.449s] 发送数据包 - 路径2, seq=262501
[   0.451s] 收到ACK - 路径2, ack=234001
[   0.451s] 发送数据包 - 路径2, seq=264001
[   0.411s] 发送ACK - 路径2, 累计=160
[   0.454s] 收到ACK - 路径2, ack=235501
[   0.454s] 发送数据包 - 路径2, seq=265501
[   0.456s] 收到ACK - 路径2, ack=237001
[   0.456s] 发送数据包 - 路径2, seq=267001
[   0.459s] 收到ACK - 路径2, ack=238501
[   0.459s] 发送数据包 - 路径2, seq=268501
[   0.461s] 收到ACK - 路径2, ack=240001
[   0.461s] 发送数据包 - 路径2, seq=270001
[   0.463s] 收到ACK - 路径1, ack=18001
[   0.463s] 发送数据包 - 路径1, seq=37501
[   0.464s] 收到ACK - 路径2, ack=241501
[   0.464s] 发送数据包 - 路径2, seq=271501
[   0.466s] 收到ACK - 路径2, ack=243001
[   0.466s] 发送数据包 - 路径2, seq=273001
[   0.469s] 收到ACK - 路径2, ack=244501
[   0.469s] 发送数据包 - 路径2, seq=274501
[   0.469s] 收到ACK - 路径1, ack=19501
[   0.469s] 发送数据包 - 路径1, seq=40501
[   0.471s] 收到ACK - 路径2, ack=246001
[   0.471s] 发送数据包 - 路径2, seq=276001
[   0.474s] 收到ACK - 路径2, ack=247501
[   0.474s] 发送数据包 - 路径2, seq=277501
[   0.475s] 收到ACK - 路径1, ack=21001
[   0.475s] 发送数据包 - 路径1, seq=42001
[   0.476s] 收到ACK - 路径2, ack=249001
[   0.476s] 发送数据包 - 路径2, seq=279001
[   0.436s] 发送ACK - 路径2, 累计=170
[   0.479s] 收到ACK - 路径2, ack=250501
[   0.479s] 发送数据包 - 路径2, seq=280501
[   0.481s] 收到ACK - 路径2, ack=252001
[   0.481s] 发送数据包 - 路径2, seq=282001
[   0.481s] 收到ACK - 路径1, ack=22501
[   0.481s] 发送数据包 - 路径1, seq=43501
[   0.484s] 收到ACK - 路径2, ack=253501
[   0.484s] 发送数据包 - 路径2, seq=283501
[   0.486s] 收到ACK - 路径2, ack=255001
[   0.486s] 发送数据包 - 路径2, seq=285001
[   0.487s] 收到ACK - 路径1, ack=24001
[   0.487s] 发送数据包 - 路径1, seq=45001
[   0.489s] 收到ACK - 路径2, ack=256501
[   0.489s] 发送数据包 - 路径2, seq=288001
[   0.491s] 收到ACK - 路径2, ack=258001
[   0.491s] 发送数据包 - 路径2, seq=289501
[   0.493s] 收到ACK - 路径1, ack=25501
[   0.493s] 发送数据包 - 路径1, seq=46501
[   0.494s] 收到ACK - 路径2, ack=259501
[   0.494s] 发送数据包 - 路径2, seq=291001
[   0.496s] 收到ACK - 路径2, ack=261001
[   0.496s] 发送数据包 - 路径2, seq=292501
[   0.499s] 收到ACK - 路径2, ack=262501
[   0.499s] 发送数据包 - 路径2, seq=294001
[   0.499s] 收到ACK - 路径1, ack=27001
[   0.499s] 发送数据包 - 路径1, seq=48001
[   0.501s] 收到ACK - 路径2, ack=264001
[   0.501s] 发送数据包 - 路径2, seq=295501
[   0.459s] 发送ACK - 路径2, 累计=180
[   0.504s] 收到ACK - 路径2, ack=265501
[   0.504s] 发送数据包 - 路径2, seq=297001
[   0.505s] 收到ACK - 路径1, ack=28501
[   0.505s] 发送数据包 - 路径1, seq=49501
[   0.506s] 收到ACK - 路径2, ack=267001
[   0.506s] 发送数据包 - 路径2, seq=298501
[   0.509s] 收到ACK - 路径2, ack=268501
[   0.509s] 发送数据包 - 路径2, seq=300001
[   0.511s] 收到ACK - 路径2, ack=270001
[   0.511s] 发送数据包 - 路径2, seq=301501
[   0.511s] 收到ACK - 路径1, ack=30001
[   0.511s] 发送数据包 - 路径1, seq=51001
[   0.514s] 收到ACK - 路径2, ack=271501
[   0.514s] 发送数据包 - 路径2, seq=303001
[   0.516s] 收到ACK - 路径2, ack=273001
[   0.516s] 发送数据包 - 路径2, seq=304501
[   0.517s] 收到ACK - 路径1, ack=31501
[   0.517s] 发送数据包 - 路径1, seq=52501
[   0.519s] 收到ACK - 路径2, ack=274501
[   0.519s] 发送数据包 - 路径2, seq=306001
[   0.521s] 收到ACK - 路径2, ack=276001
[   0.521s] 发送数据包 - 路径2, seq=307501
[   0.523s] 收到ACK - 路径1, ack=33001
[   0.523s] 发送数据包 - 路径1, seq=54001
[   0.524s] 收到ACK - 路径2, ack=277501
[   0.524s] 发送数据包 - 路径2, seq=309001
[   0.526s] 收到ACK - 路径2, ack=279001
[   0.526s] 发送数据包 - 路径2, seq=310501
[   0.484s] 发送ACK - 路径2, 累计=190
[   0.529s] 收到ACK - 路径2, ack=280501
[   0.529s] 发送数据包 - 路径2, seq=312001
[   0.530s] 收到ACK - 路径1, ack=34501
[   0.530s] 发送数据包 - 路径1, seq=55501
[   0.531s] 收到ACK - 路径2, ack=282001
[   0.531s] 发送数据包 - 路径2, seq=313501
[   0.534s] 收到ACK - 路径2, ack=283501
[   0.534s] 发送数据包 - 路径2, seq=315001
[   0.536s] 收到ACK - 路径1, ack=36001
[   0.536s] 发送数据包 - 路径1, seq=57001
[   0.536s] 收到ACK - 路径2, ack=285001
[   0.536s] 发送数据包 - 路径2, seq=316501
[   0.539s] 收到ACK - 路径2, ack=286501
[   0.539s] 发送数据包 - 路径2, seq=318001
[   0.541s] 收到ACK - 路径2, ack=288001
[   0.541s] 发送数据包 - 路径2, seq=321001
[   0.544s] 收到ACK - 路径2, ack=289501
[   0.544s] 发送数据包 - 路径2, seq=322501
[   0.546s] 收到ACK - 路径2, ack=291001
[   0.546s] 发送数据包 - 路径2, seq=324001
[   0.549s] 收到ACK - 路径2, ack=292501
[   0.551s] 收到ACK - 路径2, ack=294001
[   0.506s] 发送ACK - 路径2, 累计=200
[   0.554s] 收到ACK - 路径2, ack=295501
[   0.556s] 收到ACK - 路径2, ack=297001
[   0.559s] 收到ACK - 路径2, ack=298501
[   0.561s] 收到ACK - 路径2, ack=300001
[   0.564s] 收到ACK - 路径2, ack=301501
[   0.566s] 收到ACK - 路径2, ack=303001
[   0.569s] 收到ACK - 路径2, ack=304501
[   0.481s] 发送ACK - 路径1, 累计=30
[   0.571s] 收到ACK - 路径2, ack=306001
[   0.574s] 收到ACK - 路径2, ack=307501
[   0.576s] 收到ACK - 路径2, ack=309001
[   0.531s] 发送ACK - 路径2, 累计=210
[   0.579s] 收到ACK - 路径2, ack=310501
[   0.581s] 收到ACK - 路径2, ack=312001
[   0.584s] 收到ACK - 路径2, ack=313501
[   0.586s] 收到ACK - 路径2, ack=315001
[   0.589s] 收到ACK - 路径2, ack=316501
[   0.591s] 收到ACK - 路径2, ack=318001
[   0.594s] 收到ACK - 路径2, ack=319501
[   0.596s] 收到ACK - 路径2, ack=321001
[   0.599s] 收到ACK - 路径2, ack=322501
[   0.601s] 收到ACK - 路径2, ack=324001
[   0.620s] 收到ACK - 路径1, ack=37501
[   0.626s] 收到ACK - 路径1, ack=39001
[   0.632s] 收到ACK - 路径1, ack=40501
[   0.638s] 收到ACK - 路径1, ack=42001
[   0.644s] 收到ACK - 路径1, ack=43501
[   0.650s] 收到ACK - 路径1, ack=45001
[   0.656s] 收到ACK - 路径1, ack=46501
[   0.662s] 收到ACK - 路径1, ack=48001
[   0.668s] 收到ACK - 路径1, ack=49501
[   0.674s] 收到ACK - 路径1, ack=51001
[   0.680s] 收到ACK - 路径1, ack=52501
[   0.686s] 收到ACK - 路径1, ack=54001
[   0.692s] 收到ACK - 路径1, ack=55501
[   0.698s] 收到ACK - 路径1, ack=57001

[   5.000s] 网络状态:
------------------------------------------------------------
路径1 (3G): 已发送=26包, 已确认=39包, cwnd=23.1KB
路径2 (WiFi): 已发送=196包, 已确认=217包, cwnd=33.8KB
总计: 发送=222包, ACK=256包
------------------------------------------------------------

仿真结束
